# JRE version: OpenJDK Runtime Environment (11.0.10) (build 11.0.10+0-b96-7249189)
# Java VM: OpenJDK 64-Bit Server VM (11.0.10+0-b96-7249189, mixed mode, tiered, compressed oops, g1 gc, windows-amd64)
Heap:
 garbage-first heap   total 157696K, used 104435K [0x0000000080000000, 0x0000000100000000)
  region size 1024K, 10 young (10240K), 1 survivors (1024K)
 Metaspace       used 109892K, capacity 112630K, committed 112700K, reserved 1159168K
  class space    used 13997K, capacity 15045K, committed 15104K, reserved 1048576K
GC Heap History (20 events):
Event: 102.206 GC heap before
{Heap before GC invocations=53 (full 0):
 garbage-first heap   total 131072K, used 110021K [0x0000000080000000, 0x0000000100000000)
  region size 1024K, 13 young (13312K), 2 survivors (2048K)
 Metaspace       used 98646K, capacity 100938K, committed 101180K, reserved 1136640K
  class space    used 12461K, capacity 13293K, committed 13312K, reserved 1048576K
}
Event: 102.220 GC heap after
{Heap after GC invocations=54 (full 0):
 garbage-first heap   total 131072K, used 100621K [0x0000000080000000, 0x0000000100000000)
  region size 1024K, 1 young (1024K), 1 survivors (1024K)
 Metaspace       used 98646K, capacity 100938K, committed 101180K, reserved 1136640K
  class space    used 12461K, capacity 13293K, committed 13312K, reserved 1048576K
}
Event: 102.516 GC heap before
{Heap before GC invocations=54 (full 0):
 garbage-first heap   total 131072K, used 108813K [0x0000000080000000, 0x0000000100000000)
  region size 1024K, 6 young (6144K), 1 survivors (1024K)
 Metaspace       used 99050K, capacity 101367K, committed 101564K, reserved 1138688K
  class space    used 12516K, capacity 13328K, committed 13440K, reserved 1048576K
}
Event: 102.525 GC heap after
{Heap after GC invocations=55 (full 0):
 garbage-first heap   total 131072K, used 99142K [0x0000000080000000, 0x0000000100000000)
  region size 1024K, 1 young (1024K), 1 survivors (1024K)
 Metaspace       used 99050K, capacity 101367K, committed 101564K, reserved 1138688K
  class space    used 12516K, capacity 13328K, committed 13440K, reserved 1048576K
}
Event: 102.818 GC heap before
{Heap before GC invocations=55 (full 0):
 garbage-first heap   total 131072K, used 109382K [0x0000000080000000, 0x0000000100000000)
  region size 1024K, 12 young (12288K), 1 survivors (1024K)
 Metaspace       used 99708K, capacity 102044K, committed 102204K, reserved 1138688K
  class space    used 12612K, capacity 13479K, committed 13568K, reserved 1048576K
}
Event: 102.822 GC heap after
{Heap after GC invocations=56 (full 0):
 garbage-first heap   total 131072K, used 100453K [0x0000000080000000, 0x0000000100000000)
  region size 1024K, 2 young (2048K), 2 survivors (2048K)
 Metaspace       used 99708K, capacity 102044K, committed 102204K, reserved 1138688K
  class space    used 12612K, capacity 13479K, committed 13568K, reserved 1048576K
}
Event: 103.583 GC heap before
{Heap before GC invocations=57 (full 0):
 garbage-first heap   total 131072K, used 111717K [0x0000000080000000, 0x0000000100000000)
  region size 1024K, 13 young (13312K), 2 survivors (2048K)
 Metaspace       used 102139K, capacity 104520K, committed 104636K, reserved 1140736K
  class space    used 12952K, capacity 13845K, committed 13952K, reserved 1048576K
}
Event: 103.593 GC heap after
{Heap after GC invocations=58 (full 0):
 garbage-first heap   total 131072K, used 101857K [0x0000000080000000, 0x0000000100000000)
  region size 1024K, 2 young (2048K), 2 survivors (2048K)
 Metaspace       used 102139K, capacity 104520K, committed 104636K, reserved 1140736K
  class space    used 12952K, capacity 13845K, committed 13952K, reserved 1048576K
}
Event: 103.637 GC heap before
{Heap before GC invocations=58 (full 0):
 garbage-first heap   total 131072K, used 105953K [0x0000000080000000, 0x0000000100000000)
  region size 1024K, 6 young (6144K), 2 survivors (2048K)
 Metaspace       used 102164K, capacity 104523K, committed 104636K, reserved 1140736K
  class space    used 12954K, capacity 13846K, committed 13952K, reserved 1048576K
}
Event: 103.649 GC heap after
{Heap after GC invocations=59 (full 0):
 garbage-first heap   total 131072K, used 89637K [0x0000000080000000, 0x0000000100000000)
  region size 1024K, 1 young (1024K), 1 survivors (1024K)
 Metaspace       used 102164K, capacity 104523K, committed 104636K, reserved 1140736K
  class space    used 12954K, capacity 13846K, committed 13952K, reserved 1048576K
}
Event: 104.129 GC heap before
{Heap before GC invocations=59 (full 0):
 garbage-first heap   total 131072K, used 106021K [0x0000000080000000, 0x0000000100000000)
  region size 1024K, 17 young (17408K), 1 survivors (1024K)
 Metaspace       used 103255K, capacity 105728K, committed 105788K, reserved 1140736K
  class space    used 13111K, capacity 14033K, committed 14080K, reserved 1048576K
}
Event: 104.144 GC heap after
{Heap after GC invocations=60 (full 0):
 garbage-first heap   total 131072K, used 94735K [0x0000000080000000, 0x0000000100000000)
  region size 1024K, 3 young (3072K), 3 survivors (3072K)
 Metaspace       used 103255K, capacity 105728K, committed 105788K, reserved 1140736K
  class space    used 13111K, capacity 14033K, committed 14080K, reserved 1048576K
}
Event: 104.726 GC heap before
{Heap before GC invocations=60 (full 0):
 garbage-first heap   total 131072K, used 107023K [0x0000000080000000, 0x0000000100000000)
  region size 1024K, 16 young (16384K), 3 survivors (3072K)
 Metaspace       used 105950K, capacity 108587K, committed 108860K, reserved 1144832K
  class space    used 13562K, capacity 14528K, committed 14592K, reserved 1048576K
}
Event: 104.739 GC heap after
{Heap after GC invocations=61 (full 0):
 garbage-first heap   total 131072K, used 96000K [0x0000000080000000, 0x0000000100000000)
  region size 1024K, 1 young (1024K), 1 survivors (1024K)
 Metaspace       used 105950K, capacity 108587K, committed 108860K, reserved 1144832K
  class space    used 13562K, capacity 14528K, committed 14592K, reserved 1048576K
}
Event: 105.418 GC heap before
{Heap before GC invocations=61 (full 0):
 garbage-first heap   total 131072K, used 109312K [0x0000000080000000, 0x0000000100000000)
  region size 1024K, 14 young (14336K), 1 survivors (1024K)
 Metaspace       used 107673K, capacity 110315K, committed 110396K, reserved 1144832K
  class space    used 13768K, capacity 14781K, committed 14848K, reserved 1048576K
}
Event: 105.431 GC heap after
{Heap after GC invocations=62 (full 0):
 garbage-first heap   total 131072K, used 96849K [0x0000000080000000, 0x0000000100000000)
  region size 1024K, 2 young (2048K), 2 survivors (2048K)
 Metaspace       used 107673K, capacity 110315K, committed 110396K, reserved 1144832K
  class space    used 13768K, capacity 14781K, committed 14848K, reserved 1048576K
}
Event: 106.278 GC heap before
{Heap before GC invocations=63 (full 0):
 garbage-first heap   total 131072K, used 110161K [0x0000000080000000, 0x0000000100000000)
  region size 1024K, 15 young (15360K), 2 survivors (2048K)
 Metaspace       used 108136K, capacity 110732K, committed 110908K, reserved 1144832K
  class space    used 13798K, capacity 14780K, committed 14848K, reserved 1048576K
}
Event: 106.288 GC heap after
{Heap after GC invocations=64 (full 0):
 garbage-first heap   total 131072K, used 97769K [0x0000000080000000, 0x0000000100000000)
  region size 1024K, 2 young (2048K), 2 survivors (2048K)
 Metaspace       used 108136K, capacity 110732K, committed 110908K, reserved 1144832K
  class space    used 13798K, capacity 14780K, committed 14848K, reserved 1048576K
}
Event: 106.326 GC heap before
{Heap before GC invocations=64 (full 0):
 garbage-first heap   total 131072K, used 101865K [0x0000000080000000, 0x0000000100000000)
  region size 1024K, 6 young (6144K), 2 survivors (2048K)
 Metaspace       used 108141K, capacity 110732K, committed 110908K, reserved 1144832K
  class space    used 13799K, capacity 14780K, committed 14848K, reserved 1048576K
}
Event: 106.340 GC heap after
{Heap after GC invocations=65 (full 0):
 garbage-first heap   total 157696K, used 97417K [0x0000000080000000, 0x0000000100000000)
  region size 1024K, 1 young (1024K), 1 survivors (1024K)
 Metaspace       used 108141K, capacity 110732K, committed 110908K, reserved 1144832K
  class space    used 13799K, capacity 14780K, committed 14848K, reserved 1048576K
}

