# JRE version: OpenJDK Runtime Environment (11.0.10) (build 11.0.10+0-b96-7249189)
# Java VM: OpenJDK 64-Bit Server VM (11.0.10+0-b96-7249189, mixed mode, tiered, compressed oops, g1 gc, windows-amd64)
Heap:
 garbage-first heap   total 157696K, used 97340K [0x0000000080000000, 0x0000000100000000)
  region size 1024K, 8 young (8192K), 4 survivors (4096K)
 Metaspace       used 110561K, capacity 113566K, committed 113788K, reserved 1148928K
  class space    used 14127K, capacity 15266K, committed 15360K, reserved 1048576K
GC Heap History (20 events):
Event: 379.410 GC heap before
{Heap before GC invocations=62 (full 0):
 garbage-first heap   total 131072K, used 105981K [0x0000000080000000, 0x0000000100000000)
  region size 1024K, 16 young (16384K), 1 survivors (1024K)
 Metaspace       used 109619K, capacity 112515K, committed 112636K, reserved 1146880K
  class space    used 14094K, capacity 15207K, committed 15232K, reserved 1048576K
}
Event: 379.419 GC heap after
{Heap after GC invocations=63 (full 0):
 garbage-first heap   total 131072K, used 95604K [0x0000000080000000, 0x0000000100000000)
  region size 1024K, 2 young (2048K), 2 survivors (2048K)
 Metaspace       used 109619K, capacity 112515K, committed 112636K, reserved 1146880K
  class space    used 14094K, capacity 15207K, committed 15232K, reserved 1048576K
}
Event: 379.808 GC heap before
{Heap before GC invocations=63 (full 0):
 garbage-first heap   total 131072K, used 107892K [0x0000000080000000, 0x0000000100000000)
  region size 1024K, 14 young (14336K), 2 survivors (2048K)
 Metaspace       used 109654K, capacity 112579K, committed 112636K, reserved 1146880K
  class space    used 14094K, capacity 15207K, committed 15232K, reserved 1048576K
}
Event: 379.820 GC heap after
{Heap after GC invocations=64 (full 0):
 garbage-first heap   total 131072K, used 98660K [0x0000000080000000, 0x0000000100000000)
  region size 1024K, 2 young (2048K), 2 survivors (2048K)
 Metaspace       used 109654K, capacity 112579K, committed 112636K, reserved 1146880K
  class space    used 14094K, capacity 15207K, committed 15232K, reserved 1048576K
}
Event: 380.285 GC heap before
{Heap before GC invocations=65 (full 0):
 garbage-first heap   total 131072K, used 108900K [0x0000000080000000, 0x0000000100000000)
  region size 1024K, 12 young (12288K), 2 survivors (2048K)
 Metaspace       used 109714K, capacity 112646K, committed 112892K, reserved 1146880K
  class space    used 14094K, capacity 15207K, committed 15232K, reserved 1048576K
}
Event: 380.295 GC heap after
{Heap after GC invocations=66 (full 0):
 garbage-first heap   total 131072K, used 100062K [0x0000000080000000, 0x0000000100000000)
  region size 1024K, 2 young (2048K), 2 survivors (2048K)
 Metaspace       used 109714K, capacity 112646K, committed 112892K, reserved 1146880K
  class space    used 14094K, capacity 15207K, committed 15232K, reserved 1048576K
}
Event: 380.538 GC heap before
{Heap before GC invocations=66 (full 0):
 garbage-first heap   total 131072K, used 103134K [0x0000000080000000, 0x0000000100000000)
  region size 1024K, 6 young (6144K), 2 survivors (2048K)
 Metaspace       used 109746K, capacity 112677K, committed 112892K, reserved 1146880K
  class space    used 14099K, capacity 15216K, committed 15232K, reserved 1048576K
}
Event: 380.559 GC heap after
{Heap after GC invocations=67 (full 0):
 garbage-first heap   total 131072K, used 98465K [0x0000000080000000, 0x0000000100000000)
  region size 1024K, 1 young (1024K), 1 survivors (1024K)
 Metaspace       used 109746K, capacity 112677K, committed 112892K, reserved 1146880K
  class space    used 14099K, capacity 15216K, committed 15232K, reserved 1048576K
}
Event: 380.767 GC heap before
{Heap before GC invocations=67 (full 0):
 garbage-first heap   total 131072K, used 108705K [0x0000000080000000, 0x0000000100000000)
  region size 1024K, 11 young (11264K), 1 survivors (1024K)
 Metaspace       used 109827K, capacity 112798K, committed 112892K, reserved 1146880K
  class space    used 14107K, capacity 15232K, committed 15232K, reserved 1048576K
}
Event: 380.777 GC heap after
{Heap after GC invocations=68 (full 0):
 garbage-first heap   total 131072K, used 99225K [0x0000000080000000, 0x0000000100000000)
  region size 1024K, 2 young (2048K), 2 survivors (2048K)
 Metaspace       used 109827K, capacity 112798K, committed 112892K, reserved 1146880K
  class space    used 14107K, capacity 15232K, committed 15232K, reserved 1048576K
}
Event: 381.421 GC heap before
{Heap before GC invocations=69 (full 0):
 garbage-first heap   total 131072K, used 108441K [0x0000000080000000, 0x0000000100000000)
  region size 1024K, 12 young (12288K), 2 survivors (2048K)
 Metaspace       used 110059K, capacity 113072K, committed 113276K, reserved 1146880K
  class space    used 14109K, capacity 15233K, committed 15360K, reserved 1048576K
}
Event: 381.428 GC heap after
{Heap after GC invocations=70 (full 0):
 garbage-first heap   total 131072K, used 99092K [0x0000000080000000, 0x0000000100000000)
  region size 1024K, 1 young (1024K), 1 survivors (1024K)
 Metaspace       used 110059K, capacity 113072K, committed 113276K, reserved 1146880K
  class space    used 14109K, capacity 15233K, committed 15360K, reserved 1048576K
}
Event: 381.797 GC heap before
{Heap before GC invocations=70 (full 0):
 garbage-first heap   total 131072K, used 103188K [0x0000000080000000, 0x0000000100000000)
  region size 1024K, 6 young (6144K), 1 survivors (1024K)
 Metaspace       used 110076K, capacity 113074K, committed 113276K, reserved 1146880K
  class space    used 14109K, capacity 15233K, committed 15360K, reserved 1048576K
}
Event: 381.822 GC heap after
{Heap after GC invocations=71 (full 0):
 garbage-first heap   total 131072K, used 95937K [0x0000000080000000, 0x0000000100000000)
  region size 1024K, 1 young (1024K), 1 survivors (1024K)
 Metaspace       used 110076K, capacity 113074K, committed 113276K, reserved 1146880K
  class space    used 14109K, capacity 15233K, committed 15360K, reserved 1048576K
}
Event: 382.167 GC heap before
{Heap before GC invocations=71 (full 0):
 garbage-first heap   total 131072K, used 108225K [0x0000000080000000, 0x0000000100000000)
  region size 1024K, 14 young (14336K), 1 survivors (1024K)
 Metaspace       used 110164K, capacity 113164K, committed 113532K, reserved 1146880K
  class space    used 14111K, capacity 15236K, committed 15360K, reserved 1048576K
}
Event: 382.174 GC heap after
{Heap after GC invocations=72 (full 0):
 garbage-first heap   total 131072K, used 96349K [0x0000000080000000, 0x0000000100000000)
  region size 1024K, 2 young (2048K), 2 survivors (2048K)
 Metaspace       used 110164K, capacity 113164K, committed 113532K, reserved 1146880K
  class space    used 14111K, capacity 15236K, committed 15360K, reserved 1048576K
}
Event: 386.601 GC heap before
{Heap before GC invocations=73 (full 0):
 garbage-first heap   total 131072K, used 123997K [0x0000000080000000, 0x0000000100000000)
  region size 1024K, 15 young (15360K), 2 survivors (2048K)
 Metaspace       used 110199K, capacity 113164K, committed 113532K, reserved 1146880K
  class space    used 14111K, capacity 15236K, committed 15360K, reserved 1048576K
}
Event: 386.606 GC heap after
{Heap after GC invocations=74 (full 0):
 garbage-first heap   total 157696K, used 95441K [0x0000000080000000, 0x0000000100000000)
  region size 1024K, 1 young (1024K), 1 survivors (1024K)
 Metaspace       used 110199K, capacity 113164K, committed 113532K, reserved 1146880K
  class space    used 14111K, capacity 15236K, committed 15360K, reserved 1048576K
}
Event: 446.274 GC heap before
{Heap before GC invocations=74 (full 0):
 garbage-first heap   total 157696K, used 100561K [0x0000000080000000, 0x0000000100000000)
  region size 1024K, 7 young (7168K), 1 survivors (1024K)
 Metaspace       used 110300K, capacity 113305K, committed 113532K, reserved 1146880K
  class space    used 14121K, capacity 15255K, committed 15360K, reserved 1048576K
}
Event: 446.280 GC heap after
{Heap after GC invocations=75 (full 0):
 garbage-first heap   total 157696K, used 90486K [0x0000000080000000, 0x0000000100000000)
  region size 1024K, 1 young (1024K), 1 survivors (1024K)
 Metaspace       used 110300K, capacity 113305K, committed 113532K, reserved 1146880K
  class space    used 14121K, capacity 15255K, committed 15360K, reserved 1048576K
}

