# JRE version: OpenJDK Runtime Environment (11.0.10) (build 11.0.10+0-b96-7249189)
# Java VM: OpenJDK 64-Bit Server VM (11.0.10+0-b96-7249189, mixed mode, tiered, compressed oops, g1 gc, windows-amd64)
Heap:
 garbage-first heap   total 131072K, used 91336K [0x0000000080000000, 0x0000000100000000)
  region size 1024K, 18 young (18432K), 2 survivors (2048K)
 Metaspace       used 88849K, capacity 90970K, committed 91196K, reserved 1128448K
  class space    used 11236K, capacity 12020K, committed 12032K, reserved 1048576K
GC Heap History (20 events):
Event: 50.484 GC heap before
{Heap before GC invocations=25 (full 0):
 garbage-first heap   total 131072K, used 92703K [0x0000000080000000, 0x0000000100000000)
  region size 1024K, 9 young (9216K), 2 survivors (2048K)
 Metaspace       used 81104K, capacity 83139K, committed 83388K, reserved 1122304K
  class space    used 10514K, capacity 11260K, committed 11392K, reserved 1048576K
}
Event: 50.500 GC heap after
{Heap after GC invocations=26 (full 0):
 garbage-first heap   total 131072K, used 91135K [0x0000000080000000, 0x0000000100000000)
  region size 1024K, 3 young (3072K), 3 survivors (3072K)
 Metaspace       used 81104K, capacity 83139K, committed 83388K, reserved 1122304K
  class space    used 10514K, capacity 11260K, committed 11392K, reserved 1048576K
}
Event: 52.023 GC heap before
{Heap before GC invocations=27 (full 0):
 garbage-first heap   total 131072K, used 116735K [0x0000000080000000, 0x0000000100000000)
  region size 1024K, 17 young (17408K), 3 survivors (3072K)
 Metaspace       used 83270K, capacity 85342K, committed 85564K, reserved 1124352K
  class space    used 10688K, capacity 11441K, committed 11520K, reserved 1048576K
}
Event: 52.038 GC heap after
{Heap after GC invocations=28 (full 0):
 garbage-first heap   total 131072K, used 90784K [0x0000000080000000, 0x0000000100000000)
  region size 1024K, 2 young (2048K), 2 survivors (2048K)
 Metaspace       used 83270K, capacity 85342K, committed 85564K, reserved 1124352K
  class space    used 10688K, capacity 11441K, committed 11520K, reserved 1048576K
}
Event: 52.975 GC heap before
{Heap before GC invocations=28 (full 0):
 garbage-first heap   total 131072K, used 105120K [0x0000000080000000, 0x0000000100000000)
  region size 1024K, 16 young (16384K), 2 survivors (2048K)
 Metaspace       used 83998K, capacity 86047K, committed 86332K, reserved 1124352K
  class space    used 10745K, capacity 11505K, committed 11520K, reserved 1048576K
}
Event: 52.994 GC heap after
{Heap after GC invocations=29 (full 0):
 garbage-first heap   total 131072K, used 92751K [0x0000000080000000, 0x0000000100000000)
  region size 1024K, 2 young (2048K), 2 survivors (2048K)
 Metaspace       used 83998K, capacity 86047K, committed 86332K, reserved 1124352K
  class space    used 10745K, capacity 11505K, committed 11520K, reserved 1048576K
}
Event: 54.343 GC heap before
{Heap before GC invocations=30 (full 0):
 garbage-first heap   total 131072K, used 100943K [0x0000000080000000, 0x0000000100000000)
  region size 1024K, 16 young (16384K), 2 survivors (2048K)
 Metaspace       used 84863K, capacity 86879K, committed 87228K, reserved 1124352K
  class space    used 10819K, capacity 11569K, committed 11648K, reserved 1048576K
}
Event: 54.353 GC heap after
{Heap after GC invocations=31 (full 0):
 garbage-first heap   total 131072K, used 89630K [0x0000000080000000, 0x0000000100000000)
  region size 1024K, 2 young (2048K), 2 survivors (2048K)
 Metaspace       used 84863K, capacity 86879K, committed 87228K, reserved 1124352K
  class space    used 10819K, capacity 11569K, committed 11648K, reserved 1048576K
}
Event: 54.791 GC heap before
{Heap before GC invocations=31 (full 0):
 garbage-first heap   total 131072K, used 93726K [0x0000000080000000, 0x0000000100000000)
  region size 1024K, 6 young (6144K), 2 survivors (2048K)
 Metaspace       used 85555K, capacity 87647K, committed 87740K, reserved 1126400K
  class space    used 10867K, capacity 11633K, committed 11648K, reserved 1048576K
}
Event: 54.800 GC heap after
{Heap after GC invocations=32 (full 0):
 garbage-first heap   total 131072K, used 77556K [0x0000000080000000, 0x0000000100000000)
  region size 1024K, 1 young (1024K), 1 survivors (1024K)
 Metaspace       used 85555K, capacity 87647K, committed 87740K, reserved 1126400K
  class space    used 10867K, capacity 11633K, committed 11648K, reserved 1048576K
}
Event: 55.020 GC heap before
{Heap before GC invocations=32 (full 0):
 garbage-first heap   total 131072K, used 82676K [0x0000000080000000, 0x0000000100000000)
  region size 1024K, 6 young (6144K), 1 survivors (1024K)
 Metaspace       used 85955K, capacity 87999K, committed 88380K, reserved 1126400K
  class space    used 10900K, capacity 11665K, committed 11776K, reserved 1048576K
}
Event: 55.031 GC heap after
{Heap after GC invocations=33 (full 0):
 garbage-first heap   total 131072K, used 76087K [0x0000000080000000, 0x0000000100000000)
  region size 1024K, 1 young (1024K), 1 survivors (1024K)
 Metaspace       used 85955K, capacity 87999K, committed 88380K, reserved 1126400K
  class space    used 10900K, capacity 11665K, committed 11776K, reserved 1048576K
}
Event: 56.739 GC heap before
{Heap before GC invocations=33 (full 0):
 garbage-first heap   total 131072K, used 95543K [0x0000000080000000, 0x0000000100000000)
  region size 1024K, 21 young (21504K), 1 survivors (1024K)
 Metaspace       used 86457K, capacity 88514K, committed 88636K, reserved 1126400K
  class space    used 10944K, capacity 11680K, committed 11776K, reserved 1048576K
}
Event: 56.754 GC heap after
{Heap after GC invocations=34 (full 0):
 garbage-first heap   total 131072K, used 80895K [0x0000000080000000, 0x0000000100000000)
  region size 1024K, 3 young (3072K), 3 survivors (3072K)
 Metaspace       used 86457K, capacity 88514K, committed 88636K, reserved 1126400K
  class space    used 10944K, capacity 11680K, committed 11776K, reserved 1048576K
}
Event: 58.820 GC heap before
{Heap before GC invocations=35 (full 0):
 garbage-first heap   total 131072K, used 98303K [0x0000000080000000, 0x0000000100000000)
  region size 1024K, 22 young (22528K), 3 survivors (3072K)
 Metaspace       used 86594K, capacity 88602K, committed 88892K, reserved 1126400K
  class space    used 10944K, capacity 11680K, committed 11776K, reserved 1048576K
}
Event: 58.830 GC heap after
{Heap after GC invocations=36 (full 0):
 garbage-first heap   total 131072K, used 81043K [0x0000000080000000, 0x0000000100000000)
  region size 1024K, 2 young (2048K), 2 survivors (2048K)
 Metaspace       used 86594K, capacity 88602K, committed 88892K, reserved 1126400K
  class space    used 10944K, capacity 11680K, committed 11776K, reserved 1048576K
}
Event: 59.379 GC heap before
{Heap before GC invocations=36 (full 0):
 garbage-first heap   total 131072K, used 85139K [0x0000000080000000, 0x0000000100000000)
  region size 1024K, 6 young (6144K), 2 survivors (2048K)
 Metaspace       used 86677K, capacity 88739K, committed 88892K, reserved 1126400K
  class space    used 10948K, capacity 11681K, committed 11776K, reserved 1048576K
}
Event: 59.385 GC heap after
{Heap after GC invocations=37 (full 0):
 garbage-first heap   total 131072K, used 78195K [0x0000000080000000, 0x0000000100000000)
  region size 1024K, 1 young (1024K), 1 survivors (1024K)
 Metaspace       used 86677K, capacity 88739K, committed 88892K, reserved 1126400K
  class space    used 10948K, capacity 11681K, committed 11776K, reserved 1048576K
}
Event: 60.671 GC heap before
{Heap before GC invocations=37 (full 0):
 garbage-first heap   total 131072K, used 98675K [0x0000000080000000, 0x0000000100000000)
  region size 1024K, 21 young (21504K), 1 survivors (1024K)
 Metaspace       used 87876K, capacity 89976K, committed 90044K, reserved 1128448K
  class space    used 11104K, capacity 11860K, committed 11904K, reserved 1048576K
}
Event: 60.677 GC heap after
{Heap after GC invocations=38 (full 0):
 garbage-first heap   total 131072K, used 79048K [0x0000000080000000, 0x0000000100000000)
  region size 1024K, 2 young (2048K), 2 survivors (2048K)
 Metaspace       used 87876K, capacity 89976K, committed 90044K, reserved 1128448K
  class space    used 11104K, capacity 11860K, committed 11904K, reserved 1048576K
}

