# JRE version: OpenJDK Runtime Environment (11.0.10) (build 11.0.10+0-b96-7249189)
# Java VM: OpenJDK 64-Bit Server VM (11.0.10+0-b96-7249189, mixed mode, tiered, compressed oops, g1 gc, windows-amd64)
Heap:
 garbage-first heap   total 131072K, used 70507K [0x0000000080000000, 0x0000000100000000)
  region size 1024K, 31 young (31744K), 6 survivors (6144K)
 Metaspace       used 60909K, capacity 62366K, committed 62668K, reserved 1103872K
  class space    used 7707K, capacity 8253K, committed 8396K, reserved 1048576K
GC Heap History (20 events):
Event: 8.630 GC heap before
{Heap before GC invocations=3 (full 0):
 garbage-first heap   total 131072K, used 46426K [0x0000000080000000, 0x0000000100000000)
  region size 1024K, 38 young (38912K), 2 survivors (2048K)
 Metaspace       used 15386K, capacity 15720K, committed 16000K, reserved 1062912K
  class space    used 1753K, capacity 1862K, committed 1920K, reserved 1048576K
}
Event: 8.637 GC heap after
{Heap after GC invocations=4 (full 0):
 garbage-first heap   total 131072K, used 14745K [0x0000000080000000, 0x0000000100000000)
  region size 1024K, 5 young (5120K), 5 survivors (5120K)
 Metaspace       used 15386K, capacity 15720K, committed 16000K, reserved 1062912K
  class space    used 1753K, capacity 1862K, committed 1920K, reserved 1048576K
}
Event: 10.418 GC heap before
{Heap before GC invocations=4 (full 0):
 garbage-first heap   total 131072K, used 52633K [0x0000000080000000, 0x0000000100000000)
  region size 1024K, 43 young (44032K), 5 survivors (5120K)
 Metaspace       used 20650K, capacity 21126K, committed 21248K, reserved 1067008K
  class space    used 2519K, capacity 2720K, committed 2816K, reserved 1048576K
}
Event: 10.437 GC heap after
{Heap after GC invocations=5 (full 0):
 garbage-first heap   total 131072K, used 16496K [0x0000000080000000, 0x0000000100000000)
  region size 1024K, 2 young (2048K), 2 survivors (2048K)
 Metaspace       used 20650K, capacity 21126K, committed 21248K, reserved 1067008K
  class space    used 2519K, capacity 2720K, committed 2816K, reserved 1048576K
}
Event: 12.271 GC heap before
{Heap before GC invocations=6 (full 0):
 garbage-first heap   total 131072K, used 66672K [0x0000000080000000, 0x0000000100000000)
  region size 1024K, 51 young (52224K), 2 survivors (2048K)
 Metaspace       used 25756K, capacity 26362K, committed 26496K, reserved 1073152K
  class space    used 3364K, capacity 3598K, committed 3712K, reserved 1048576K
}
Event: 12.279 GC heap after
{Heap after GC invocations=7 (full 0):
 garbage-first heap   total 131072K, used 18286K [0x0000000080000000, 0x0000000100000000)
  region size 1024K, 4 young (4096K), 4 survivors (4096K)
 Metaspace       used 25756K, capacity 26362K, committed 26496K, reserved 1073152K
  class space    used 3364K, capacity 3598K, committed 3712K, reserved 1048576K
}
Event: 15.506 GC heap before
{Heap before GC invocations=7 (full 0):
 garbage-first heap   total 131072K, used 76654K [0x0000000080000000, 0x0000000100000000)
  region size 1024K, 61 young (62464K), 4 survivors (4096K)
 Metaspace       used 34597K, capacity 35487K, committed 35584K, reserved 1079296K
  class space    used 4504K, capacity 4832K, committed 4864K, reserved 1048576K
}
Event: 15.520 GC heap after
{Heap after GC invocations=8 (full 0):
 garbage-first heap   total 131072K, used 21905K [0x0000000080000000, 0x0000000100000000)
  region size 1024K, 7 young (7168K), 7 survivors (7168K)
 Metaspace       used 34597K, capacity 35487K, committed 35584K, reserved 1079296K
  class space    used 4504K, capacity 4832K, committed 4864K, reserved 1048576K
}
Event: 15.683 GC heap before
{Heap before GC invocations=8 (full 0):
 garbage-first heap   total 131072K, used 22929K [0x0000000080000000, 0x0000000100000000)
  region size 1024K, 9 young (9216K), 7 survivors (7168K)
 Metaspace       used 35060K, capacity 35839K, committed 35840K, reserved 1081344K
  class space    used 4539K, capacity 4864K, committed 4864K, reserved 1048576K
}
Event: 15.708 GC heap after
{Heap after GC invocations=9 (full 0):
 garbage-first heap   total 131072K, used 21994K [0x0000000080000000, 0x0000000100000000)
  region size 1024K, 4 young (4096K), 4 survivors (4096K)
 Metaspace       used 35060K, capacity 35839K, committed 35840K, reserved 1081344K
  class space    used 4539K, capacity 4864K, committed 4864K, reserved 1048576K
}
Event: 18.659 GC heap before
{Heap before GC invocations=10 (full 0):
 garbage-first heap   total 131072K, used 79338K [0x0000000080000000, 0x0000000100000000)
  region size 1024K, 57 young (58368K), 4 survivors (4096K)
 Metaspace       used 38835K, capacity 39704K, committed 40012K, reserved 1083392K
  class space    used 4950K, capacity 5315K, committed 5452K, reserved 1048576K
}
Event: 18.674 GC heap after
{Heap after GC invocations=11 (full 0):
 garbage-first heap   total 131072K, used 27091K [0x0000000080000000, 0x0000000100000000)
  region size 1024K, 8 young (8192K), 8 survivors (8192K)
 Metaspace       used 38835K, capacity 39704K, committed 40012K, reserved 1083392K
  class space    used 4950K, capacity 5315K, committed 5452K, reserved 1048576K
}
Event: 21.063 GC heap before
{Heap before GC invocations=11 (full 0):
 garbage-first heap   total 131072K, used 82387K [0x0000000080000000, 0x0000000100000000)
  region size 1024K, 62 young (63488K), 8 survivors (8192K)
 Metaspace       used 44006K, capacity 45103K, committed 45260K, reserved 1089536K
  class space    used 5640K, capacity 6002K, committed 6092K, reserved 1048576K
}
Event: 21.080 GC heap after
{Heap after GC invocations=12 (full 0):
 garbage-first heap   total 131072K, used 29128K [0x0000000080000000, 0x0000000100000000)
  region size 1024K, 7 young (7168K), 7 survivors (7168K)
 Metaspace       used 44006K, capacity 45103K, committed 45260K, reserved 1089536K
  class space    used 5640K, capacity 6002K, committed 6092K, reserved 1048576K
}
Event: 24.281 GC heap before
{Heap before GC invocations=12 (full 0):
 garbage-first heap   total 131072K, used 89544K [0x0000000080000000, 0x0000000100000000)
  region size 1024K, 63 young (64512K), 7 survivors (7168K)
 Metaspace       used 47109K, capacity 48353K, committed 48460K, reserved 1091584K
  class space    used 6011K, capacity 6460K, committed 6476K, reserved 1048576K
}
Event: 24.300 GC heap after
{Heap after GC invocations=13 (full 0):
 garbage-first heap   total 131072K, used 40596K [0x0000000080000000, 0x0000000100000000)
  region size 1024K, 8 young (8192K), 8 survivors (8192K)
 Metaspace       used 47109K, capacity 48353K, committed 48460K, reserved 1091584K
  class space    used 6011K, capacity 6460K, committed 6476K, reserved 1048576K
}
Event: 26.655 GC heap before
{Heap before GC invocations=13 (full 0):
 garbage-first heap   total 131072K, used 91796K [0x0000000080000000, 0x0000000100000000)
  region size 1024K, 58 young (59392K), 8 survivors (8192K)
 Metaspace       used 53221K, capacity 54698K, committed 54988K, reserved 1097728K
  class space    used 6792K, capacity 7305K, committed 7372K, reserved 1048576K
}
Event: 26.672 GC heap after
{Heap after GC invocations=14 (full 0):
 garbage-first heap   total 131072K, used 45152K [0x0000000080000000, 0x0000000100000000)
  region size 1024K, 4 young (4096K), 4 survivors (4096K)
 Metaspace       used 53221K, capacity 54698K, committed 54988K, reserved 1097728K
  class space    used 6792K, capacity 7305K, committed 7372K, reserved 1048576K
}
Event: 28.131 GC heap before
{Heap before GC invocations=14 (full 0):
 garbage-first heap   total 131072K, used 76896K [0x0000000080000000, 0x0000000100000000)
  region size 1024K, 36 young (36864K), 4 survivors (4096K)
 Metaspace       used 58514K, capacity 60036K, committed 60236K, reserved 1101824K
  class space    used 7414K, capacity 7972K, committed 8012K, reserved 1048576K
}
Event: 28.146 GC heap after
{Heap after GC invocations=15 (full 0):
 garbage-first heap   total 131072K, used 46955K [0x0000000080000000, 0x0000000100000000)
  region size 1024K, 6 young (6144K), 6 survivors (6144K)
 Metaspace       used 58514K, capacity 60036K, committed 60236K, reserved 1101824K
  class space    used 7414K, capacity 7972K, committed 8012K, reserved 1048576K
}

