# JRE version: OpenJDK Runtime Environment (11.0.10) (build 11.0.10+0-b96-7249189)
# Java VM: OpenJDK 64-Bit Server VM (11.0.10+0-b96-7249189, mixed mode, tiered, compressed oops, g1 gc, windows-amd64)
Heap:
 garbage-first heap   total 158720K, used 107704K [0x0000000080000000, 0x0000000100000000)
  region size 1024K, 1 young (1024K), 1 survivors (1024K)
 Metaspace       used 105125K, capacity 107628K, committed 107836K, reserved 1142784K
  class space    used 13305K, capacity 14255K, committed 14336K, reserved 1048576K
GC Heap History (20 events):
Event: 100.227 GC heap after
{Heap after GC invocations=48 (full 0):
 garbage-first heap   total 132096K, used 101183K [0x0000000080000000, 0x0000000100000000)
  region size 1024K, 1 young (1024K), 1 survivors (1024K)
 Metaspace       used 98729K, capacity 100926K, committed 101180K, reserved 1136640K
  class space    used 12454K, capacity 13284K, committed 13312K, reserved 1048576K
}
Event: 101.794 GC heap before
{Heap before GC invocations=48 (full 0):
 garbage-first heap   total 132096K, used 112447K [0x0000000080000000, 0x0000000100000000)
  region size 1024K, 12 young (12288K), 1 survivors (1024K)
 Metaspace       used 98921K, capacity 101188K, committed 101436K, reserved 1138688K
  class space    used 12454K, capacity 13284K, committed 13312K, reserved 1048576K
}
Event: 101.801 GC heap after
{Heap after GC invocations=49 (full 0):
 garbage-first heap   total 132096K, used 101462K [0x0000000080000000, 0x0000000100000000)
  region size 1024K, 2 young (2048K), 2 survivors (2048K)
 Metaspace       used 98921K, capacity 101188K, committed 101436K, reserved 1138688K
  class space    used 12454K, capacity 13284K, committed 13312K, reserved 1048576K
}
Event: 104.556 GC heap before
{Heap before GC invocations=49 (full 0):
 garbage-first heap   total 132096K, used 111702K [0x0000000080000000, 0x0000000100000000)
  region size 1024K, 13 young (13312K), 2 survivors (2048K)
 Metaspace       used 99113K, capacity 101413K, committed 101436K, reserved 1138688K
  class space    used 12468K, capacity 13292K, committed 13312K, reserved 1048576K
}
Event: 104.562 GC heap after
{Heap after GC invocations=50 (full 0):
 garbage-first heap   total 132096K, used 101998K [0x0000000080000000, 0x0000000100000000)
  region size 1024K, 1 young (1024K), 1 survivors (1024K)
 Metaspace       used 99113K, capacity 101413K, committed 101436K, reserved 1138688K
  class space    used 12468K, capacity 13292K, committed 13312K, reserved 1048576K
}
Event: 104.892 GC heap before
{Heap before GC invocations=50 (full 0):
 garbage-first heap   total 132096K, used 109166K [0x0000000080000000, 0x0000000100000000)
  region size 1024K, 7 young (7168K), 1 survivors (1024K)
 Metaspace       used 99253K, capacity 101487K, committed 101692K, reserved 1138688K
  class space    used 12479K, capacity 13294K, committed 13312K, reserved 1048576K
}
Event: 104.897 GC heap after
{Heap after GC invocations=51 (full 0):
 garbage-first heap   total 132096K, used 104191K [0x0000000080000000, 0x0000000100000000)
  region size 1024K, 2 young (2048K), 2 survivors (2048K)
 Metaspace       used 99253K, capacity 101487K, committed 101692K, reserved 1138688K
  class space    used 12479K, capacity 13294K, committed 13312K, reserved 1048576K
}
Event: 105.897 GC heap before
{Heap before GC invocations=52 (full 0):
 garbage-first heap   total 132096K, used 113407K [0x0000000080000000, 0x0000000100000000)
  region size 1024K, 10 young (10240K), 2 survivors (2048K)
 Metaspace       used 100176K, capacity 102459K, committed 102716K, reserved 1138688K
  class space    used 12617K, capacity 13480K, committed 13568K, reserved 1048576K
}
Event: 105.905 GC heap after
{Heap after GC invocations=53 (full 0):
 garbage-first heap   total 132096K, used 103099K [0x0000000080000000, 0x0000000100000000)
  region size 1024K, 2 young (2048K), 2 survivors (2048K)
 Metaspace       used 100176K, capacity 102459K, committed 102716K, reserved 1138688K
  class space    used 12617K, capacity 13480K, committed 13568K, reserved 1048576K
}
Event: 105.922 GC heap before
{Heap before GC invocations=53 (full 0):
 garbage-first heap   total 132096K, used 106171K [0x0000000080000000, 0x0000000100000000)
  region size 1024K, 6 young (6144K), 2 survivors (2048K)
 Metaspace       used 100179K, capacity 102459K, committed 102716K, reserved 1138688K
  class space    used 12617K, capacity 13480K, committed 13568K, reserved 1048576K
}
Event: 105.944 GC heap after
{Heap after GC invocations=54 (full 0):
 garbage-first heap   total 132096K, used 98017K [0x0000000080000000, 0x0000000100000000)
  region size 1024K, 1 young (1024K), 1 survivors (1024K)
 Metaspace       used 100179K, capacity 102459K, committed 102716K, reserved 1138688K
  class space    used 12617K, capacity 13480K, committed 13568K, reserved 1048576K
}
Event: 106.551 GC heap before
{Heap before GC invocations=54 (full 0):
 garbage-first heap   total 132096K, used 108257K [0x0000000080000000, 0x0000000100000000)
  region size 1024K, 12 young (12288K), 1 survivors (1024K)
 Metaspace       used 102040K, capacity 104377K, committed 104508K, reserved 1140736K
  class space    used 12877K, capacity 13762K, committed 13824K, reserved 1048576K
}
Event: 106.559 GC heap after
{Heap after GC invocations=55 (full 0):
 garbage-first heap   total 132096K, used 98792K [0x0000000080000000, 0x0000000100000000)
  region size 1024K, 2 young (2048K), 2 survivors (2048K)
 Metaspace       used 102040K, capacity 104377K, committed 104508K, reserved 1140736K
  class space    used 12877K, capacity 13762K, committed 13824K, reserved 1048576K
}
Event: 106.982 GC heap before
{Heap before GC invocations=55 (full 0):
 garbage-first heap   total 132096K, used 109032K [0x0000000080000000, 0x0000000100000000)
  region size 1024K, 13 young (13312K), 2 survivors (2048K)
 Metaspace       used 103020K, capacity 105352K, committed 105660K, reserved 1140736K
  class space    used 12997K, capacity 13895K, committed 13952K, reserved 1048576K
}
Event: 106.997 GC heap after
{Heap after GC invocations=56 (full 0):
 garbage-first heap   total 132096K, used 102457K [0x0000000080000000, 0x0000000100000000)
  region size 1024K, 2 young (2048K), 2 survivors (2048K)
 Metaspace       used 103020K, capacity 105352K, committed 105660K, reserved 1140736K
  class space    used 12997K, capacity 13895K, committed 13952K, reserved 1048576K
}
Event: 107.082 GC heap before
{Heap before GC invocations=56 (full 0):
 garbage-first heap   total 132096K, used 109625K [0x0000000080000000, 0x0000000100000000)
  region size 1024K, 10 young (10240K), 2 survivors (2048K)
 Metaspace       used 103185K, capacity 105560K, committed 105660K, reserved 1140736K
  class space    used 13016K, capacity 13900K, committed 13952K, reserved 1048576K
}
Event: 107.098 GC heap after
{Heap after GC invocations=57 (full 0):
 garbage-first heap   total 132096K, used 105934K [0x0000000080000000, 0x0000000100000000)
  region size 1024K, 2 young (2048K), 2 survivors (2048K)
 Metaspace       used 103185K, capacity 105560K, committed 105660K, reserved 1140736K
  class space    used 13016K, capacity 13900K, committed 13952K, reserved 1048576K
}
Event: 107.245 GC heap before
{Heap before GC invocations=57 (full 0):
 garbage-first heap   total 132096K, used 112078K [0x0000000080000000, 0x0000000100000000)
  region size 1024K, 8 young (8192K), 2 survivors (2048K)
 Metaspace       used 103969K, capacity 106320K, committed 106556K, reserved 1142784K
  class space    used 13131K, capacity 14025K, committed 14080K, reserved 1048576K
}
Event: 107.254 GC heap after
{Heap after GC invocations=58 (full 0):
 garbage-first heap   total 132096K, used 107236K [0x0000000080000000, 0x0000000100000000)
  region size 1024K, 1 young (1024K), 1 survivors (1024K)
 Metaspace       used 103969K, capacity 106320K, committed 106556K, reserved 1142784K
  class space    used 13131K, capacity 14025K, committed 14080K, reserved 1048576K
}
Event: 107.466 GC heap before
{Heap before GC invocations=58 (full 0):
 garbage-first heap   total 132096K, used 112356K [0x0000000080000000, 0x0000000100000000)
  region size 1024K, 7 young (7168K), 1 survivors (1024K)
 Metaspace       used 105125K, capacity 107628K, committed 107836K, reserved 1142784K
  class space    used 13305K, capacity 14255K, committed 14336K, reserved 1048576K
}

