# JRE version: OpenJDK Runtime Environment (11.0.10) (build 11.0.10+0-b96-7249189)
# Java VM: OpenJDK 64-Bit Server VM (11.0.10+0-b96-7249189, mixed mode, tiered, compressed oops, g1 gc, windows-amd64)
Heap:
 garbage-first heap   total 131072K, used 101273K [0x0000000080000000, 0x0000000100000000)
  region size 1024K, 49 young (50176K), 7 survivors (7168K)
 Metaspace       used 78559K, capacity 80544K, committed 80828K, reserved 1120256K
  class space    used 10278K, capacity 11023K, committed 11136K, reserved 1048576K
GC Heap History (20 events):
Event: 13.036 GC heap before
{Heap before GC invocations=5 (full 0):
 garbage-first heap   total 131072K, used 82733K [0x0000000080000000, 0x0000000100000000)
  region size 1024K, 73 young (74752K), 9 survivors (9216K)
 Metaspace       used 26738K, capacity 27382K, committed 27568K, reserved 1073152K
  class space    used 3527K, capacity 3792K, committed 3840K, reserved 1048576K
}
Event: 13.050 GC heap after
{Heap after GC invocations=6 (full 0):
 garbage-first heap   total 131072K, used 19211K [0x0000000080000000, 0x0000000100000000)
  region size 1024K, 3 young (3072K), 3 survivors (3072K)
 Metaspace       used 26738K, capacity 27382K, committed 27568K, reserved 1073152K
  class space    used 3527K, capacity 3792K, committed 3840K, reserved 1048576K
}
Event: 15.452 GC heap before
{Heap before GC invocations=6 (full 0):
 garbage-first heap   total 131072K, used 63243K [0x0000000080000000, 0x0000000100000000)
  region size 1024K, 48 young (49152K), 3 survivors (3072K)
 Metaspace       used 34847K, capacity 35611K, committed 35708K, reserved 1081344K
  class space    used 4529K, capacity 4832K, committed 4864K, reserved 1048576K
}
Event: 15.468 GC heap after
{Heap after GC invocations=7 (full 0):
 garbage-first heap   total 131072K, used 22474K [0x0000000080000000, 0x0000000100000000)
  region size 1024K, 6 young (6144K), 6 survivors (6144K)
 Metaspace       used 34847K, capacity 35611K, committed 35708K, reserved 1081344K
  class space    used 4529K, capacity 4832K, committed 4864K, reserved 1048576K
}
Event: 18.392 GC heap before
{Heap before GC invocations=8 (full 0):
 garbage-first heap   total 131072K, used 91082K [0x0000000080000000, 0x0000000100000000)
  region size 1024K, 71 young (72704K), 6 survivors (6144K)
 Metaspace       used 39895K, capacity 40825K, committed 40956K, reserved 1085440K
  class space    used 5113K, capacity 5456K, committed 5504K, reserved 1048576K
}
Event: 18.411 GC heap after
{Heap after GC invocations=9 (full 0):
 garbage-first heap   total 131072K, used 27451K [0x0000000080000000, 0x0000000100000000)
  region size 1024K, 9 young (9216K), 9 survivors (9216K)
 Metaspace       used 39895K, capacity 40825K, committed 40956K, reserved 1085440K
  class space    used 5113K, capacity 5456K, committed 5504K, reserved 1048576K
}
Event: 22.495 GC heap before
{Heap before GC invocations=9 (full 0):
 garbage-first heap   total 131072K, used 94011K [0x0000000080000000, 0x0000000100000000)
  region size 1024K, 74 young (75776K), 9 survivors (9216K)
 Metaspace       used 45808K, capacity 47018K, committed 47228K, reserved 1089536K
  class space    used 5882K, capacity 6300K, committed 6400K, reserved 1048576K
}
Event: 22.519 GC heap after
{Heap after GC invocations=10 (full 0):
 garbage-first heap   total 131072K, used 29846K [0x0000000080000000, 0x0000000100000000)
  region size 1024K, 8 young (8192K), 8 survivors (8192K)
 Metaspace       used 45808K, capacity 47018K, committed 47228K, reserved 1089536K
  class space    used 5882K, capacity 6300K, committed 6400K, reserved 1048576K
}
Event: 30.144 GC heap before
{Heap before GC invocations=10 (full 0):
 garbage-first heap   total 131072K, used 99478K [0x0000000080000000, 0x0000000100000000)
  region size 1024K, 73 young (74752K), 8 survivors (8192K)
 Metaspace       used 50469K, capacity 51820K, committed 51964K, reserved 1093632K
  class space    used 6426K, capacity 6923K, committed 7040K, reserved 1048576K
}
Event: 30.167 GC heap after
{Heap after GC invocations=11 (full 0):
 garbage-first heap   total 131072K, used 42660K [0x0000000080000000, 0x0000000100000000)
  region size 1024K, 10 young (10240K), 10 survivors (10240K)
 Metaspace       used 50469K, capacity 51820K, committed 51964K, reserved 1093632K
  class space    used 6426K, capacity 6923K, committed 7040K, reserved 1048576K
}
Event: 32.443 GC heap before
{Heap before GC invocations=11 (full 0):
 garbage-first heap   total 131072K, used 92836K [0x0000000080000000, 0x0000000100000000)
  region size 1024K, 60 young (61440K), 10 survivors (10240K)
 Metaspace       used 58243K, capacity 59751K, committed 59900K, reserved 1101824K
  class space    used 7395K, capacity 7963K, committed 8064K, reserved 1048576K
}
Event: 32.475 GC heap after
{Heap after GC invocations=12 (full 0):
 garbage-first heap   total 131072K, used 46573K [0x0000000080000000, 0x0000000100000000)
  region size 1024K, 4 young (4096K), 4 survivors (4096K)
 Metaspace       used 58243K, capacity 59751K, committed 59900K, reserved 1101824K
  class space    used 7395K, capacity 7963K, committed 8064K, reserved 1048576K
}
Event: 34.635 GC heap before
{Heap before GC invocations=13 (full 0):
 garbage-first heap   total 131072K, used 99821K [0x0000000080000000, 0x0000000100000000)
  region size 1024K, 56 young (57344K), 4 survivors (4096K)
 Metaspace       used 63133K, capacity 64705K, committed 64828K, reserved 1105920K
  class space    used 8018K, capacity 8598K, committed 8704K, reserved 1048576K
}
Event: 34.651 GC heap after
{Heap after GC invocations=14 (full 0):
 garbage-first heap   total 131072K, used 49717K [0x0000000080000000, 0x0000000100000000)
  region size 1024K, 7 young (7168K), 7 survivors (7168K)
 Metaspace       used 63133K, capacity 64705K, committed 64828K, reserved 1105920K
  class space    used 8018K, capacity 8598K, committed 8704K, reserved 1048576K
}
Event: 37.234 GC heap before
{Heap before GC invocations=15 (full 0):
 garbage-first heap   total 131072K, used 101941K [0x0000000080000000, 0x0000000100000000)
  region size 1024K, 58 young (59392K), 7 survivors (7168K)
 Metaspace       used 67620K, capacity 69279K, committed 69436K, reserved 1110016K
  class space    used 8751K, capacity 9351K, committed 9472K, reserved 1048576K
}
Event: 37.254 GC heap after
{Heap after GC invocations=16 (full 0):
 garbage-first heap   total 131072K, used 54458K [0x0000000080000000, 0x0000000100000000)
  region size 1024K, 5 young (5120K), 5 survivors (5120K)
 Metaspace       used 67620K, capacity 69279K, committed 69436K, reserved 1110016K
  class space    used 8751K, capacity 9351K, committed 9472K, reserved 1048576K
}
Event: 39.666 GC heap before
{Heap before GC invocations=16 (full 0):
 garbage-first heap   total 131072K, used 103610K [0x0000000080000000, 0x0000000100000000)
  region size 1024K, 53 young (54272K), 5 survivors (5120K)
 Metaspace       used 72194K, capacity 73845K, committed 74172K, reserved 1114112K
  class space    used 9448K, capacity 10028K, committed 10112K, reserved 1048576K
}
Event: 39.680 GC heap after
{Heap after GC invocations=17 (full 0):
 garbage-first heap   total 131072K, used 57085K [0x0000000080000000, 0x0000000100000000)
  region size 1024K, 3 young (3072K), 3 survivors (3072K)
 Metaspace       used 72194K, capacity 73845K, committed 74172K, reserved 1114112K
  class space    used 9448K, capacity 10028K, committed 10112K, reserved 1048576K
}
Event: 42.060 GC heap before
{Heap before GC invocations=17 (full 0):
 garbage-first heap   total 131072K, used 106237K [0x0000000080000000, 0x0000000100000000)
  region size 1024K, 51 young (52224K), 3 survivors (3072K)
 Metaspace       used 77505K, capacity 79415K, committed 79548K, reserved 1118208K
  class space    used 10178K, capacity 10875K, committed 10880K, reserved 1048576K
}
Event: 42.077 GC heap after
{Heap after GC invocations=18 (full 0):
 garbage-first heap   total 131072K, used 60313K [0x0000000080000000, 0x0000000100000000)
  region size 1024K, 7 young (7168K), 7 survivors (7168K)
 Metaspace       used 77505K, capacity 79415K, committed 79548K, reserved 1118208K
  class space    used 10178K, capacity 10875K, committed 10880K, reserved 1048576K
}

