# JRE version: OpenJDK Runtime Environment (11.0.10) (build 11.0.10+0-b96-7249189)
# Java VM: OpenJDK 64-Bit Server VM (11.0.10+0-b96-7249189, mixed mode, tiered, compressed oops, g1 gc, windows-amd64)
Heap:
 garbage-first heap   total 131072K, used 100051K [0x0000000080000000, 0x0000000100000000)
  region size 1024K, 32 young (32768K), 5 survivors (5120K)
 Metaspace       used 89653K, capacity 92068K, committed 92288K, reserved 1130496K
  class space    used 11738K, capacity 12633K, committed 12672K, reserved 1048576K
GC Heap History (20 events):
Event: 34.510 GC heap before
{Heap before GC invocations=15 (full 0):
 garbage-first heap   total 131072K, used 83125K [0x0000000080000000, 0x0000000100000000)
  region size 1024K, 40 young (40960K), 3 survivors (3072K)
 Metaspace       used 62099K, capacity 63621K, committed 63744K, reserved 1103872K
  class space    used 7844K, capacity 8391K, committed 8448K, reserved 1048576K
}
Event: 34.526 GC heap after
{Heap after GC invocations=16 (full 0):
 garbage-first heap   total 131072K, used 49369K [0x0000000080000000, 0x0000000100000000)
  region size 1024K, 4 young (4096K), 4 survivors (4096K)
 Metaspace       used 62099K, capacity 63621K, committed 63744K, reserved 1103872K
  class space    used 7844K, capacity 8391K, committed 8448K, reserved 1048576K
}
Event: 35.931 GC heap before
{Heap before GC invocations=17 (full 0):
 garbage-first heap   total 131072K, used 88281K [0x0000000080000000, 0x0000000100000000)
  region size 1024K, 42 young (43008K), 4 survivors (4096K)
 Metaspace       used 63906K, capacity 65485K, committed 65536K, reserved 1105920K
  class space    used 8112K, capacity 8665K, committed 8704K, reserved 1048576K
}
Event: 35.946 GC heap after
{Heap after GC invocations=18 (full 0):
 garbage-first heap   total 131072K, used 53000K [0x0000000080000000, 0x0000000100000000)
  region size 1024K, 4 young (4096K), 4 survivors (4096K)
 Metaspace       used 63906K, capacity 65485K, committed 65536K, reserved 1105920K
  class space    used 8112K, capacity 8665K, committed 8704K, reserved 1048576K
}
Event: 37.856 GC heap before
{Heap before GC invocations=18 (full 0):
 garbage-first heap   total 131072K, used 91912K [0x0000000080000000, 0x0000000100000000)
  region size 1024K, 42 young (43008K), 4 survivors (4096K)
 Metaspace       used 68505K, capacity 70203K, committed 70400K, reserved 1110016K
  class space    used 8856K, capacity 9462K, committed 9472K, reserved 1048576K
}
Event: 37.867 GC heap after
{Heap after GC invocations=19 (full 0):
 garbage-first heap   total 131072K, used 55550K [0x0000000080000000, 0x0000000100000000)
  region size 1024K, 3 young (3072K), 3 survivors (3072K)
 Metaspace       used 68505K, capacity 70203K, committed 70400K, reserved 1110016K
  class space    used 8856K, capacity 9462K, committed 9472K, reserved 1048576K
}
Event: 39.817 GC heap before
{Heap before GC invocations=19 (full 0):
 garbage-first heap   total 131072K, used 95486K [0x0000000080000000, 0x0000000100000000)
  region size 1024K, 42 young (43008K), 3 survivors (3072K)
 Metaspace       used 72366K, capacity 74125K, committed 74368K, reserved 1114112K
  class space    used 9458K, capacity 10072K, committed 10112K, reserved 1048576K
}
Event: 39.827 GC heap after
{Heap after GC invocations=20 (full 0):
 garbage-first heap   total 131072K, used 57464K [0x0000000080000000, 0x0000000100000000)
  region size 1024K, 5 young (5120K), 5 survivors (5120K)
 Metaspace       used 72366K, capacity 74125K, committed 74368K, reserved 1114112K
  class space    used 9458K, capacity 10072K, committed 10112K, reserved 1048576K
}
Event: 41.939 GC heap before
{Heap before GC invocations=20 (full 0):
 garbage-first heap   total 131072K, used 98424K [0x0000000080000000, 0x0000000100000000)
  region size 1024K, 45 young (46080K), 5 survivors (5120K)
 Metaspace       used 76757K, capacity 78581K, committed 78848K, reserved 1118208K
  class space    used 10027K, capacity 10708K, committed 10752K, reserved 1048576K
}
Event: 41.960 GC heap after
{Heap after GC invocations=21 (full 0):
 garbage-first heap   total 131072K, used 60655K [0x0000000080000000, 0x0000000100000000)
  region size 1024K, 6 young (6144K), 6 survivors (6144K)
 Metaspace       used 76757K, capacity 78581K, committed 78848K, reserved 1118208K
  class space    used 10027K, capacity 10708K, committed 10752K, reserved 1048576K
}
Event: 44.740 GC heap before
{Heap before GC invocations=21 (full 0):
 garbage-first heap   total 131072K, used 100591K [0x0000000080000000, 0x0000000100000000)
  region size 1024K, 46 young (47104K), 6 survivors (6144K)
 Metaspace       used 78561K, capacity 80578K, committed 80768K, reserved 1118208K
  class space    used 10274K, capacity 11034K, committed 11136K, reserved 1048576K
}
Event: 44.759 GC heap after
{Heap after GC invocations=22 (full 0):
 garbage-first heap   total 131072K, used 63613K [0x0000000080000000, 0x0000000100000000)
  region size 1024K, 6 young (6144K), 6 survivors (6144K)
 Metaspace       used 78561K, capacity 80578K, committed 80768K, reserved 1118208K
  class space    used 10274K, capacity 11034K, committed 11136K, reserved 1048576K
}
Event: 47.968 GC heap before
{Heap before GC invocations=22 (full 0):
 garbage-first heap   total 131072K, used 102525K [0x0000000080000000, 0x0000000100000000)
  region size 1024K, 45 young (46080K), 6 survivors (6144K)
 Metaspace       used 79107K, capacity 81239K, committed 81536K, reserved 1120256K
  class space    used 10316K, capacity 11092K, committed 11136K, reserved 1048576K
}
Event: 47.989 GC heap after
{Heap after GC invocations=23 (full 0):
 garbage-first heap   total 131072K, used 67218K [0x0000000080000000, 0x0000000100000000)
  region size 1024K, 4 young (4096K), 4 survivors (4096K)
 Metaspace       used 79107K, capacity 81239K, committed 81536K, reserved 1120256K
  class space    used 10316K, capacity 11092K, committed 11136K, reserved 1048576K
}
Event: 50.499 GC heap before
{Heap before GC invocations=23 (full 0):
 garbage-first heap   total 131072K, used 104082K [0x0000000080000000, 0x0000000100000000)
  region size 1024K, 41 young (41984K), 4 survivors (4096K)
 Metaspace       used 79695K, capacity 81742K, committed 81792K, reserved 1120256K
  class space    used 10355K, capacity 11112K, committed 11136K, reserved 1048576K
}
Event: 50.511 GC heap after
{Heap after GC invocations=24 (full 0):
 garbage-first heap   total 131072K, used 69066K [0x0000000080000000, 0x0000000100000000)
  region size 1024K, 6 young (6144K), 6 survivors (6144K)
 Metaspace       used 79695K, capacity 81742K, committed 81792K, reserved 1120256K
  class space    used 10355K, capacity 11112K, committed 11136K, reserved 1048576K
}
Event: 53.914 GC heap before
{Heap before GC invocations=25 (full 0):
 garbage-first heap   total 131072K, used 104906K [0x0000000080000000, 0x0000000100000000)
  region size 1024K, 42 young (43008K), 6 survivors (6144K)
 Metaspace       used 79781K, capacity 81847K, committed 82048K, reserved 1120256K
  class space    used 10346K, capacity 11095K, committed 11136K, reserved 1048576K
}
Event: 53.928 GC heap after
{Heap after GC invocations=26 (full 0):
 garbage-first heap   total 131072K, used 70616K [0x0000000080000000, 0x0000000100000000)
  region size 1024K, 4 young (4096K), 4 survivors (4096K)
 Metaspace       used 79781K, capacity 81847K, committed 82048K, reserved 1120256K
  class space    used 10346K, capacity 11095K, committed 11136K, reserved 1048576K
}
Event: 57.127 GC heap before
{Heap before GC invocations=26 (full 0):
 garbage-first heap   total 131072K, used 107480K [0x0000000080000000, 0x0000000100000000)
  region size 1024K, 41 young (41984K), 4 survivors (4096K)
 Metaspace       used 84585K, capacity 86761K, committed 87040K, reserved 1124352K
  class space    used 10964K, capacity 11747K, committed 11776K, reserved 1048576K
}
Event: 57.143 GC heap after
{Heap after GC invocations=27 (full 0):
 garbage-first heap   total 131072K, used 73427K [0x0000000080000000, 0x0000000100000000)
  region size 1024K, 5 young (5120K), 5 survivors (5120K)
 Metaspace       used 84585K, capacity 86761K, committed 87040K, reserved 1124352K
  class space    used 10964K, capacity 11747K, committed 11776K, reserved 1048576K
}

