# JRE version: OpenJDK Runtime Environment (11.0.10) (build 11.0.10+0-b96-7249189)
# Java VM: OpenJDK 64-Bit Server VM (11.0.10+0-b96-7249189, mixed mode, tiered, compressed oops, g1 gc, windows-amd64)
Heap:
 garbage-first heap   total 189440K, used 113739K [0x0000000080000000, 0x0000000100000000)
  region size 1024K, 2 young (2048K), 1 survivors (1024K)
 Metaspace       used 108785K, capacity 111649K, committed 111948K, reserved 1146880K
  class space    used 14082K, capacity 15184K, committed 15256K, reserved 1048576K
GC Heap History (20 events):
Event: 32.459 GC heap before
{Heap before GC invocations=19 (full 0):
 garbage-first heap   total 189440K, used 143683K [0x0000000080000000, 0x0000000100000000)
  region size 1024K, 82 young (83968K), 11 survivors (11264K)
 Metaspace       used 88512K, capacity 90717K, committed 90956K, reserved 1128448K
  class space    used 11448K, capacity 12273K, committed 12364K, reserved 1048576K
}
Event: 32.500 GC heap after
{Heap after GC invocations=20 (full 0):
 garbage-first heap   total 189440K, used 83898K [0x0000000080000000, 0x0000000100000000)
  region size 1024K, 11 young (11264K), 11 survivors (11264K)
 Metaspace       used 88512K, capacity 90717K, committed 90956K, reserved 1128448K
  class space    used 11448K, capacity 12273K, committed 12364K, reserved 1048576K
}
Event: 36.718 GC heap before
{Heap before GC invocations=20 (full 0):
 garbage-first heap   total 189440K, used 145338K [0x0000000080000000, 0x0000000100000000)
  region size 1024K, 72 young (73728K), 11 survivors (11264K)
 Metaspace       used 89980K, capacity 92293K, committed 92364K, reserved 1128448K
  class space    used 11558K, capacity 12436K, committed 12492K, reserved 1048576K
}
Event: 36.748 GC heap after
{Heap after GC invocations=21 (full 0):
 garbage-first heap   total 189440K, used 85418K [0x0000000080000000, 0x0000000100000000)
  region size 1024K, 5 young (5120K), 5 survivors (5120K)
 Metaspace       used 89980K, capacity 92293K, committed 92364K, reserved 1128448K
  class space    used 11558K, capacity 12436K, committed 12492K, reserved 1048576K
}
Event: 39.509 GC heap before
{Heap before GC invocations=21 (full 0):
 garbage-first heap   total 189440K, used 146858K [0x0000000080000000, 0x0000000100000000)
  region size 1024K, 66 young (67584K), 5 survivors (5120K)
 Metaspace       used 100629K, capacity 103382K, committed 103500K, reserved 1138688K
  class space    used 13261K, capacity 14303K, committed 14412K, reserved 1048576K
}
Event: 39.528 GC heap after
{Heap after GC invocations=22 (full 0):
 garbage-first heap   total 189440K, used 88520K [0x0000000080000000, 0x0000000100000000)
  region size 1024K, 8 young (8192K), 8 survivors (8192K)
 Metaspace       used 100629K, capacity 103382K, committed 103500K, reserved 1138688K
  class space    used 13261K, capacity 14303K, committed 14412K, reserved 1048576K
}
Event: 41.281 GC heap before
{Heap before GC invocations=22 (full 0):
 garbage-first heap   total 189440K, used 149960K [0x0000000080000000, 0x0000000100000000)
  region size 1024K, 69 young (70656K), 8 survivors (8192K)
 Metaspace       used 105284K, capacity 108167K, committed 108364K, reserved 1142784K
  class space    used 13836K, capacity 14889K, committed 14924K, reserved 1048576K
}
Event: 41.301 GC heap after
{Heap after GC invocations=23 (full 0):
 garbage-first heap   total 189440K, used 90389K [0x0000000080000000, 0x0000000100000000)
  region size 1024K, 6 young (6144K), 6 survivors (6144K)
 Metaspace       used 105284K, capacity 108167K, committed 108364K, reserved 1142784K
  class space    used 13836K, capacity 14889K, committed 14924K, reserved 1048576K
}
Event: 41.870 GC heap before
{Heap before GC invocations=23 (full 0):
 garbage-first heap   total 189440K, used 105749K [0x0000000080000000, 0x0000000100000000)
  region size 1024K, 22 young (22528K), 6 survivors (6144K)
 Metaspace       used 105950K, capacity 108779K, committed 108928K, reserved 1142784K
  class space    used 13925K, capacity 15012K, committed 15052K, reserved 1048576K
}
Event: 41.891 GC heap after
{Heap after GC invocations=24 (full 0):
 garbage-first heap   total 189440K, used 90296K [0x0000000080000000, 0x0000000100000000)
  region size 1024K, 4 young (4096K), 4 survivors (4096K)
 Metaspace       used 105950K, capacity 108779K, committed 108928K, reserved 1142784K
  class space    used 13925K, capacity 15012K, committed 15052K, reserved 1048576K
}
Event: 110.055 GC heap before
{Heap before GC invocations=25 (full 0):
 garbage-first heap   total 189440K, used 165048K [0x0000000080000000, 0x0000000100000000)
  region size 1024K, 63 young (64512K), 4 survivors (4096K)
 Metaspace       used 107747K, capacity 110663K, committed 110924K, reserved 1144832K
  class space    used 14072K, capacity 15151K, committed 15256K, reserved 1048576K
}
Event: 110.077 GC heap after
{Heap after GC invocations=26 (full 0):
 garbage-first heap   total 189440K, used 95860K [0x0000000080000000, 0x0000000100000000)
  region size 1024K, 8 young (8192K), 8 survivors (8192K)
 Metaspace       used 107747K, capacity 110663K, committed 110924K, reserved 1144832K
  class space    used 14072K, capacity 15151K, committed 15256K, reserved 1048576K
}
Event: 110.112 GC heap before
{Heap before GC invocations=26 (full 0):
 garbage-first heap   total 189440K, used 96884K [0x0000000080000000, 0x0000000100000000)
  region size 1024K, 9 young (9216K), 8 survivors (8192K)
 Metaspace       used 107774K, capacity 110727K, committed 110924K, reserved 1144832K
  class space    used 14072K, capacity 15151K, committed 15256K, reserved 1048576K
}
Event: 110.132 GC heap after
{Heap after GC invocations=27 (full 0):
 garbage-first heap   total 189440K, used 96178K [0x0000000080000000, 0x0000000100000000)
  region size 1024K, 2 young (2048K), 2 survivors (2048K)
 Metaspace       used 107774K, capacity 110727K, committed 110924K, reserved 1144832K
  class space    used 14072K, capacity 15151K, committed 15256K, reserved 1048576K
}
Event: 110.159 GC heap before
{Heap before GC invocations=27 (full 0):
 garbage-first heap   total 189440K, used 96178K [0x0000000080000000, 0x0000000100000000)
  region size 1024K, 3 young (3072K), 2 survivors (2048K)
 Metaspace       used 107774K, capacity 110727K, committed 110924K, reserved 1144832K
  class space    used 14072K, capacity 15151K, committed 15256K, reserved 1048576K
}
Event: 110.164 GC heap after
{Heap after GC invocations=28 (full 0):
 garbage-first heap   total 189440K, used 95450K [0x0000000080000000, 0x0000000100000000)
  region size 1024K, 1 young (1024K), 1 survivors (1024K)
 Metaspace       used 107774K, capacity 110727K, committed 110924K, reserved 1144832K
  class space    used 14072K, capacity 15151K, committed 15256K, reserved 1048576K
}
Event: 112.821 GC heap before
{Heap before GC invocations=29 (full 0):
 garbage-first heap   total 189440K, used 147674K [0x0000000080000000, 0x0000000100000000)
  region size 1024K, 53 young (54272K), 1 survivors (1024K)
 Metaspace       used 108134K, capacity 111061K, committed 111180K, reserved 1144832K
  class space    used 14069K, capacity 15147K, committed 15256K, reserved 1048576K
}
Event: 112.842 GC heap after
{Heap after GC invocations=30 (full 0):
 garbage-first heap   total 189440K, used 102068K [0x0000000080000000, 0x0000000100000000)
  region size 1024K, 7 young (7168K), 7 survivors (7168K)
 Metaspace       used 108134K, capacity 111061K, committed 111180K, reserved 1144832K
  class space    used 14069K, capacity 15147K, committed 15256K, reserved 1048576K
}
Event: 112.873 GC heap before
{Heap before GC invocations=30 (full 0):
 garbage-first heap   total 189440K, used 104116K [0x0000000080000000, 0x0000000100000000)
  region size 1024K, 9 young (9216K), 7 survivors (7168K)
 Metaspace       used 108142K, capacity 111061K, committed 111180K, reserved 1144832K
  class space    used 14069K, capacity 15147K, committed 15256K, reserved 1048576K
}
Event: 112.889 GC heap after
{Heap after GC invocations=31 (full 0):
 garbage-first heap   total 189440K, used 98556K [0x0000000080000000, 0x0000000100000000)
  region size 1024K, 1 young (1024K), 1 survivors (1024K)
 Metaspace       used 108142K, capacity 111061K, committed 111180K, reserved 1144832K
  class space    used 14069K, capacity 15147K, committed 15256K, reserved 1048576K
}

