# JRE version: OpenJDK Runtime Environment (11.0.10) (build 11.0.10+0-b96-7249189)
# Java VM: OpenJDK 64-Bit Server VM (11.0.10+0-b96-7249189, mixed mode, tiered, compressed oops, g1 gc, windows-amd64)
Heap:
 garbage-first heap   total 189440K, used 58969K [0x0000000080000000, 0x0000000100000000)
  region size 1024K, 8 young (8192K), 8 survivors (8192K)
 Metaspace       used 75294K, capacity 77098K, committed 77284K, reserved 1116160K
  class space    used 9809K, capacity 10439K, committed 10496K, reserved 1048576K
GC Heap History (20 events):
Event: 2.563 GC heap after
{Heap after GC invocations=3 (full 0):
 garbage-first heap   total 131072K, used 12087K [0x0000000080000000, 0x0000000100000000)
  region size 1024K, 3 young (3072K), 3 survivors (3072K)
 Metaspace       used 10754K, capacity 11003K, committed 11264K, reserved 1058816K
  class space    used 1124K, capacity 1206K, committed 1280K, reserved 1048576K
}
Event: 5.583 GC heap before
{Heap before GC invocations=3 (full 0):
 garbage-first heap   total 131072K, used 77623K [0x0000000080000000, 0x0000000100000000)
  region size 1024K, 68 young (69632K), 3 survivors (3072K)
 Metaspace       used 20635K, capacity 21118K, committed 21248K, reserved 1067008K
  class space    used 2518K, capacity 2720K, committed 2816K, reserved 1048576K
}
Event: 5.598 GC heap after
{Heap after GC invocations=4 (full 0):
 garbage-first heap   total 131072K, used 16625K [0x0000000080000000, 0x0000000100000000)
  region size 1024K, 9 young (9216K), 9 survivors (9216K)
 Metaspace       used 20635K, capacity 21118K, committed 21248K, reserved 1067008K
  class space    used 2518K, capacity 2720K, committed 2816K, reserved 1048576K
}
Event: 6.950 GC heap before
{Heap before GC invocations=5 (full 0):
 garbage-first heap   total 131072K, used 83185K [0x0000000080000000, 0x0000000100000000)
  region size 1024K, 74 young (75776K), 9 survivors (9216K)
 Metaspace       used 26766K, capacity 27445K, committed 27648K, reserved 1073152K
  class space    used 3536K, capacity 3793K, committed 3840K, reserved 1048576K
}
Event: 6.967 GC heap after
{Heap after GC invocations=6 (full 0):
 garbage-first heap   total 131072K, used 18986K [0x0000000080000000, 0x0000000100000000)
  region size 1024K, 3 young (3072K), 3 survivors (3072K)
 Metaspace       used 26766K, capacity 27445K, committed 27648K, reserved 1073152K
  class space    used 3536K, capacity 3793K, committed 3840K, reserved 1048576K
}
Event: 8.412 GC heap before
{Heap before GC invocations=6 (full 0):
 garbage-first heap   total 131072K, used 63018K [0x0000000080000000, 0x0000000100000000)
  region size 1024K, 47 young (48128K), 3 survivors (3072K)
 Metaspace       used 35073K, capacity 35830K, committed 35840K, reserved 1081344K
  class space    used 4544K, capacity 4864K, committed 4864K, reserved 1048576K
}
Event: 8.429 GC heap after
{Heap after GC invocations=7 (full 0):
 garbage-first heap   total 131072K, used 22039K [0x0000000080000000, 0x0000000100000000)
  region size 1024K, 6 young (6144K), 6 survivors (6144K)
 Metaspace       used 35073K, capacity 35830K, committed 35840K, reserved 1081344K
  class space    used 4544K, capacity 4864K, committed 4864K, reserved 1048576K
}
Event: 10.038 GC heap before
{Heap before GC invocations=8 (full 0):
 garbage-first heap   total 131072K, used 90647K [0x0000000080000000, 0x0000000100000000)
  region size 1024K, 71 young (72704K), 6 survivors (6144K)
 Metaspace       used 39890K, capacity 40885K, committed 41088K, reserved 1085440K
  class space    used 5116K, capacity 5456K, committed 5504K, reserved 1048576K
}
Event: 10.059 GC heap after
{Heap after GC invocations=9 (full 0):
 garbage-first heap   total 131072K, used 27406K [0x0000000080000000, 0x0000000100000000)
  region size 1024K, 9 young (9216K), 9 survivors (9216K)
 Metaspace       used 39890K, capacity 40885K, committed 41088K, reserved 1085440K
  class space    used 5116K, capacity 5456K, committed 5504K, reserved 1048576K
}
Event: 11.788 GC heap before
{Heap before GC invocations=9 (full 0):
 garbage-first heap   total 131072K, used 93966K [0x0000000080000000, 0x0000000100000000)
  region size 1024K, 74 young (75776K), 9 survivors (9216K)
 Metaspace       used 45791K, capacity 46956K, committed 47104K, reserved 1089536K
  class space    used 5881K, capacity 6301K, committed 6400K, reserved 1048576K
}
Event: 11.808 GC heap after
{Heap after GC invocations=10 (full 0):
 garbage-first heap   total 157696K, used 29528K [0x0000000080000000, 0x0000000100000000)
  region size 1024K, 8 young (8192K), 8 survivors (8192K)
 Metaspace       used 45791K, capacity 46956K, committed 47104K, reserved 1089536K
  class space    used 5881K, capacity 6301K, committed 6400K, reserved 1048576K
}
Event: 15.468 GC heap before
{Heap before GC invocations=10 (full 0):
 garbage-first heap   total 157696K, used 112472K [0x0000000080000000, 0x0000000100000000)
  region size 1024K, 85 young (87040K), 8 survivors (8192K)
 Metaspace       used 52204K, capacity 53601K, committed 53760K, reserved 1095680K
  class space    used 6651K, capacity 7157K, committed 7168K, reserved 1048576K
}
Event: 15.491 GC heap after
{Heap after GC invocations=11 (full 0):
 garbage-first heap   total 157696K, used 43416K [0x0000000080000000, 0x0000000100000000)
  region size 1024K, 11 young (11264K), 11 survivors (11264K)
 Metaspace       used 52204K, capacity 53601K, committed 53760K, reserved 1095680K
  class space    used 6651K, capacity 7157K, committed 7168K, reserved 1048576K
}
Event: 16.564 GC heap before
{Heap before GC invocations=11 (full 0):
 garbage-first heap   total 157696K, used 81304K [0x0000000080000000, 0x0000000100000000)
  region size 1024K, 49 young (50176K), 11 survivors (11264K)
 Metaspace       used 58505K, capacity 60039K, committed 60160K, reserved 1101824K
  class space    used 7417K, capacity 7997K, committed 8064K, reserved 1048576K
}
Event: 16.601 GC heap after
{Heap after GC invocations=12 (full 0):
 garbage-first heap   total 157696K, used 47104K [0x0000000080000000, 0x0000000100000000)
  region size 1024K, 3 young (3072K), 3 survivors (3072K)
 Metaspace       used 58505K, capacity 60039K, committed 60160K, reserved 1101824K
  class space    used 7417K, capacity 7997K, committed 8064K, reserved 1048576K
}
Event: 17.784 GC heap before
{Heap before GC invocations=13 (full 0):
 garbage-first heap   total 157696K, used 106496K [0x0000000080000000, 0x0000000100000000)
  region size 1024K, 61 young (62464K), 3 survivors (3072K)
 Metaspace       used 63270K, capacity 64809K, committed 64996K, reserved 1105920K
  class space    used 8047K, capacity 8634K, committed 8704K, reserved 1048576K
}
Event: 17.802 GC heap after
{Heap after GC invocations=14 (full 0):
 garbage-first heap   total 157696K, used 51200K [0x0000000080000000, 0x0000000100000000)
  region size 1024K, 7 young (7168K), 7 survivors (7168K)
 Metaspace       used 63270K, capacity 64809K, committed 64996K, reserved 1105920K
  class space    used 8047K, capacity 8634K, committed 8704K, reserved 1048576K
}
Event: 19.073 GC heap before
{Heap before GC invocations=15 (full 0):
 garbage-first heap   total 157696K, used 110592K [0x0000000080000000, 0x0000000100000000)
  region size 1024K, 65 young (66560K), 7 survivors (7168K)
 Metaspace       used 68688K, capacity 70357K, committed 70372K, reserved 1110016K
  class space    used 8893K, capacity 9470K, committed 9472K, reserved 1048576K
}
Event: 19.094 GC heap after
{Heap after GC invocations=16 (full 0):
 garbage-first heap   total 157696K, used 55823K [0x0000000080000000, 0x0000000100000000)
  region size 1024K, 5 young (5120K), 5 survivors (5120K)
 Metaspace       used 68688K, capacity 70357K, committed 70372K, reserved 1110016K
  class space    used 8893K, capacity 9470K, committed 9472K, reserved 1048576K
}
Event: 20.430 GC heap before
{Heap before GC invocations=16 (full 0):
 garbage-first heap   total 157696K, used 114191K [0x0000000080000000, 0x0000000100000000)
  region size 1024K, 62 young (63488K), 5 survivors (5120K)
 Metaspace       used 75294K, capacity 77098K, committed 77284K, reserved 1116160K
  class space    used 9809K, capacity 10439K, committed 10496K, reserved 1048576K
}

