# JRE version: OpenJDK Runtime Environment (11.0.10) (build 11.0.10+0-b96-7249189)
# Java VM: OpenJDK 64-Bit Server VM (11.0.10+0-b96-7249189, mixed mode, tiered, compressed oops, g1 gc, windows-amd64)
Heap:
 garbage-first heap   total 131072K, used 58244K [0x0000000080000000, 0x0000000100000000)
  region size 1024K, 16 young (16384K), 7 survivors (7168K)
 Metaspace       used 63348K, capacity 64931K, committed 65084K, reserved 1105920K
  class space    used 8046K, capacity 8629K, committed 8704K, reserved 1048576K
GC Heap History (20 events):
Event: 2.627 GC heap before
{Heap before GC invocations=0 (full 0):
 garbage-first heap   total 131072K, used 19456K [0x0000000080000000, 0x0000000100000000)
  region size 1024K, 14 young (14336K), 0 survivors (0K)
 Metaspace       used 6751K, capacity 6925K, committed 7168K, reserved 1056768K
  class space    used 582K, capacity 650K, committed 768K, reserved 1048576K
}
Event: 2.640 GC heap after
{Heap after GC invocations=1 (full 0):
 garbage-first heap   total 131072K, used 8155K [0x0000000080000000, 0x0000000100000000)
  region size 1024K, 2 young (2048K), 2 survivors (2048K)
 Metaspace       used 6751K, capacity 6925K, committed 7168K, reserved 1056768K
  class space    used 582K, capacity 650K, committed 768K, reserved 1048576K
}
Event: 3.771 GC heap before
{Heap before GC invocations=1 (full 0):
 garbage-first heap   total 131072K, used 19419K [0x0000000080000000, 0x0000000100000000)
  region size 1024K, 13 young (13312K), 2 survivors (2048K)
 Metaspace       used 9870K, capacity 10054K, committed 10112K, reserved 1058816K
  class space    used 1021K, capacity 1102K, committed 1152K, reserved 1048576K
}
Event: 3.776 GC heap after
{Heap after GC invocations=2 (full 0):
 garbage-first heap   total 131072K, used 9388K [0x0000000080000000, 0x0000000100000000)
  region size 1024K, 2 young (2048K), 2 survivors (2048K)
 Metaspace       used 9870K, capacity 10054K, committed 10112K, reserved 1058816K
  class space    used 1021K, capacity 1102K, committed 1152K, reserved 1048576K
}
Event: 5.982 GC heap before
{Heap before GC invocations=2 (full 0):
 garbage-first heap   total 131072K, used 38060K [0x0000000080000000, 0x0000000100000000)
  region size 1024K, 30 young (30720K), 2 survivors (2048K)
 Metaspace       used 10796K, capacity 11071K, committed 11264K, reserved 1058816K
  class space    used 1124K, capacity 1206K, committed 1280K, reserved 1048576K
}
Event: 5.988 GC heap after
{Heap after GC invocations=3 (full 0):
 garbage-first heap   total 131072K, used 12268K [0x0000000080000000, 0x0000000100000000)
  region size 1024K, 3 young (3072K), 3 survivors (3072K)
 Metaspace       used 10796K, capacity 11071K, committed 11264K, reserved 1058816K
  class space    used 1124K, capacity 1206K, committed 1280K, reserved 1048576K
}
Event: 11.046 GC heap before
{Heap before GC invocations=3 (full 0):
 garbage-first heap   total 131072K, used 77804K [0x0000000080000000, 0x0000000100000000)
  region size 1024K, 68 young (69632K), 3 survivors (3072K)
 Metaspace       used 20620K, capacity 21154K, committed 21296K, reserved 1069056K
  class space    used 2513K, capacity 2688K, committed 2688K, reserved 1048576K
}
Event: 11.061 GC heap after
{Heap after GC invocations=4 (full 0):
 garbage-first heap   total 131072K, used 17112K [0x0000000080000000, 0x0000000100000000)
  region size 1024K, 9 young (9216K), 9 survivors (9216K)
 Metaspace       used 20620K, capacity 21154K, committed 21296K, reserved 1069056K
  class space    used 2513K, capacity 2688K, committed 2688K, reserved 1048576K
}
Event: 13.869 GC heap before
{Heap before GC invocations=5 (full 0):
 garbage-first heap   total 131072K, used 83672K [0x0000000080000000, 0x0000000100000000)
  region size 1024K, 74 young (75776K), 9 survivors (9216K)
 Metaspace       used 27051K, capacity 27737K, committed 27824K, reserved 1073152K
  class space    used 3576K, capacity 3825K, committed 3840K, reserved 1048576K
}
Event: 13.884 GC heap after
{Heap after GC invocations=6 (full 0):
 garbage-first heap   total 131072K, used 19543K [0x0000000080000000, 0x0000000100000000)
  region size 1024K, 3 young (3072K), 3 survivors (3072K)
 Metaspace       used 27051K, capacity 27737K, committed 27824K, reserved 1073152K
  class space    used 3576K, capacity 3825K, committed 3840K, reserved 1048576K
}
Event: 16.193 GC heap before
{Heap before GC invocations=6 (full 0):
 garbage-first heap   total 131072K, used 59479K [0x0000000080000000, 0x0000000100000000)
  region size 1024K, 44 young (45056K), 3 survivors (3072K)
 Metaspace       used 34853K, capacity 35610K, committed 35708K, reserved 1081344K
  class space    used 4532K, capacity 4832K, committed 4864K, reserved 1048576K
}
Event: 16.217 GC heap after
{Heap after GC invocations=7 (full 0):
 garbage-first heap   total 131072K, used 22825K [0x0000000080000000, 0x0000000100000000)
  region size 1024K, 6 young (6144K), 6 survivors (6144K)
 Metaspace       used 34853K, capacity 35610K, committed 35708K, reserved 1081344K
  class space    used 4532K, capacity 4832K, committed 4864K, reserved 1048576K
}
Event: 19.023 GC heap before
{Heap before GC invocations=8 (full 0):
 garbage-first heap   total 131072K, used 91433K [0x0000000080000000, 0x0000000100000000)
  region size 1024K, 71 young (72704K), 6 survivors (6144K)
 Metaspace       used 39900K, capacity 40886K, committed 40956K, reserved 1085440K
  class space    used 5100K, capacity 5455K, committed 5504K, reserved 1048576K
}
Event: 19.042 GC heap after
{Heap after GC invocations=9 (full 0):
 garbage-first heap   total 131072K, used 27775K [0x0000000080000000, 0x0000000100000000)
  region size 1024K, 9 young (9216K), 9 survivors (9216K)
 Metaspace       used 39900K, capacity 40886K, committed 40956K, reserved 1085440K
  class space    used 5100K, capacity 5455K, committed 5504K, reserved 1048576K
}
Event: 22.119 GC heap before
{Heap before GC invocations=9 (full 0):
 garbage-first heap   total 131072K, used 94335K [0x0000000080000000, 0x0000000100000000)
  region size 1024K, 74 young (75776K), 9 survivors (9216K)
 Metaspace       used 45857K, capacity 47015K, committed 47228K, reserved 1089536K
  class space    used 5881K, capacity 6300K, committed 6400K, reserved 1048576K
}
Event: 22.140 GC heap after
{Heap after GC invocations=10 (full 0):
 garbage-first heap   total 131072K, used 29807K [0x0000000080000000, 0x0000000100000000)
  region size 1024K, 8 young (8192K), 8 survivors (8192K)
 Metaspace       used 45857K, capacity 47015K, committed 47228K, reserved 1089536K
  class space    used 5881K, capacity 6300K, committed 6400K, reserved 1048576K
}
Event: 28.824 GC heap before
{Heap before GC invocations=10 (full 0):
 garbage-first heap   total 131072K, used 100463K [0x0000000080000000, 0x0000000100000000)
  region size 1024K, 74 young (75776K), 8 survivors (8192K)
 Metaspace       used 50598K, capacity 51978K, committed 52220K, reserved 1095680K
  class space    used 6441K, capacity 6953K, committed 7040K, reserved 1048576K
}
Event: 28.848 GC heap after
{Heap after GC invocations=11 (full 0):
 garbage-first heap   total 131072K, used 42912K [0x0000000080000000, 0x0000000100000000)
  region size 1024K, 10 young (10240K), 10 survivors (10240K)
 Metaspace       used 50598K, capacity 51978K, committed 52220K, reserved 1095680K
  class space    used 6441K, capacity 6953K, committed 7040K, reserved 1048576K
}
Event: 31.089 GC heap before
{Heap before GC invocations=11 (full 0):
 garbage-first heap   total 131072K, used 92064K [0x0000000080000000, 0x0000000100000000)
  region size 1024K, 59 young (60416K), 10 survivors (10240K)
 Metaspace       used 58203K, capacity 59747K, committed 59900K, reserved 1101824K
  class space    used 7386K, capacity 7961K, committed 8064K, reserved 1048576K
}
Event: 31.121 GC heap after
{Heap after GC invocations=12 (full 0):
 garbage-first heap   total 131072K, used 46602K [0x0000000080000000, 0x0000000100000000)
  region size 1024K, 3 young (3072K), 3 survivors (3072K)
 Metaspace       used 58203K, capacity 59747K, committed 59900K, reserved 1101824K
  class space    used 7386K, capacity 7961K, committed 8064K, reserved 1048576K
}

