# JRE version: OpenJDK Runtime Environment (11.0.10) (build 11.0.10+0-b96-7249189)
# Java VM: OpenJDK 64-Bit Server VM (11.0.10+0-b96-7249189, mixed mode, tiered, compressed oops, g1 gc, windows-amd64)
Heap:
 garbage-first heap   total 131072K, used 87329K [0x0000000080000000, 0x0000000100000000)
  region size 1024K, 5 young (5120K), 2 survivors (2048K)
 Metaspace       used 89848K, capacity 92078K, committed 92272K, reserved 1130496K
  class space    used 11519K, capacity 12337K, committed 12364K, reserved 1048576K
GC Heap History (20 events):
Event: 50.418 GC heap before
{Heap before GC invocations=13 (full 0):
 garbage-first heap   total 131072K, used 99205K [0x0000000080000000, 0x0000000100000000)
  region size 1024K, 55 young (56320K), 4 survivors (4096K)
 Metaspace       used 63356K, capacity 64878K, committed 65008K, reserved 1105920K
  class space    used 8018K, capacity 8565K, committed 8652K, reserved 1048576K
}
Event: 50.437 GC heap after
{Heap after GC invocations=14 (full 0):
 garbage-first heap   total 131072K, used 50231K [0x0000000080000000, 0x0000000100000000)
  region size 1024K, 7 young (7168K), 7 survivors (7168K)
 Metaspace       used 63356K, capacity 64878K, committed 65008K, reserved 1105920K
  class space    used 8018K, capacity 8565K, committed 8652K, reserved 1048576K
}
Event: 54.115 GC heap before
{Heap before GC invocations=15 (full 0):
 garbage-first heap   total 131072K, used 101431K [0x0000000080000000, 0x0000000100000000)
  region size 1024K, 57 young (58368K), 7 survivors (7168K)
 Metaspace       used 67649K, capacity 69283K, committed 69360K, reserved 1110016K
  class space    used 8734K, capacity 9350K, committed 9420K, reserved 1048576K
}
Event: 54.136 GC heap after
{Heap after GC invocations=16 (full 0):
 garbage-first heap   total 131072K, used 54376K [0x0000000080000000, 0x0000000100000000)
  region size 1024K, 5 young (5120K), 5 survivors (5120K)
 Metaspace       used 67649K, capacity 69283K, committed 69360K, reserved 1110016K
  class space    used 8734K, capacity 9350K, committed 9420K, reserved 1048576K
}
Event: 58.270 GC heap before
{Heap before GC invocations=16 (full 0):
 garbage-first heap   total 131072K, used 103528K [0x0000000080000000, 0x0000000100000000)
  region size 1024K, 53 young (54272K), 5 survivors (5120K)
 Metaspace       used 72543K, capacity 74346K, committed 74480K, reserved 1114112K
  class space    used 9458K, capacity 10101K, committed 10188K, reserved 1048576K
}
Event: 58.289 GC heap after
{Heap after GC invocations=17 (full 0):
 garbage-first heap   total 131072K, used 57714K [0x0000000080000000, 0x0000000100000000)
  region size 1024K, 3 young (3072K), 3 survivors (3072K)
 Metaspace       used 72543K, capacity 74346K, committed 74480K, reserved 1114112K
  class space    used 9458K, capacity 10101K, committed 10188K, reserved 1048576K
}
Event: 61.563 GC heap before
{Heap before GC invocations=17 (full 0):
 garbage-first heap   total 131072K, used 104818K [0x0000000080000000, 0x0000000100000000)
  region size 1024K, 50 young (51200K), 3 survivors (3072K)
 Metaspace       used 77459K, capacity 79429K, committed 79600K, reserved 1118208K
  class space    used 10132K, capacity 10853K, committed 10956K, reserved 1048576K
}
Event: 61.583 GC heap after
{Heap after GC invocations=18 (full 0):
 garbage-first heap   total 131072K, used 61082K [0x0000000080000000, 0x0000000100000000)
  region size 1024K, 7 young (7168K), 7 survivors (7168K)
 Metaspace       used 77459K, capacity 79429K, committed 79600K, reserved 1118208K
  class space    used 10132K, capacity 10853K, committed 10956K, reserved 1048576K
}
Event: 68.938 GC heap before
{Heap before GC invocations=18 (full 0):
 garbage-first heap   total 131072K, used 105114K [0x0000000080000000, 0x0000000100000000)
  region size 1024K, 51 young (52224K), 7 survivors (7168K)
 Metaspace       used 78716K, capacity 80657K, committed 80752K, reserved 1120256K
  class space    used 10277K, capacity 11036K, committed 11084K, reserved 1048576K
}
Event: 68.956 GC heap after
{Heap after GC invocations=19 (full 0):
 garbage-first heap   total 131072K, used 64673K [0x0000000080000000, 0x0000000100000000)
  region size 1024K, 7 young (7168K), 7 survivors (7168K)
 Metaspace       used 78716K, capacity 80657K, committed 80752K, reserved 1120256K
  class space    used 10277K, capacity 11036K, committed 11084K, reserved 1048576K
}
Event: 73.339 GC heap before
{Heap before GC invocations=19 (full 0):
 garbage-first heap   total 131072K, used 106657K [0x0000000080000000, 0x0000000100000000)
  region size 1024K, 49 young (50176K), 7 survivors (7168K)
 Metaspace       used 79241K, capacity 81313K, committed 81648K, reserved 1120256K
  class space    used 10318K, capacity 11092K, committed 11212K, reserved 1048576K
}
Event: 73.357 GC heap after
{Heap after GC invocations=20 (full 0):
 garbage-first heap   total 131072K, used 67846K [0x0000000080000000, 0x0000000100000000)
  region size 1024K, 7 young (7168K), 7 survivors (7168K)
 Metaspace       used 79241K, capacity 81313K, committed 81648K, reserved 1120256K
  class space    used 10318K, capacity 11092K, committed 11212K, reserved 1048576K
}
Event: 76.924 GC heap before
{Heap before GC invocations=20 (full 0):
 garbage-first heap   total 131072K, used 106758K [0x0000000080000000, 0x0000000100000000)
  region size 1024K, 46 young (47104K), 7 survivors (7168K)
 Metaspace       used 80964K, capacity 83041K, committed 83312K, reserved 1122304K
  class space    used 10488K, capacity 11242K, committed 11340K, reserved 1048576K
}
Event: 76.961 GC heap after
{Heap after GC invocations=21 (full 0):
 garbage-first heap   total 131072K, used 71112K [0x0000000080000000, 0x0000000100000000)
  region size 1024K, 6 young (6144K), 6 survivors (6144K)
 Metaspace       used 80964K, capacity 83041K, committed 83312K, reserved 1122304K
  class space    used 10488K, capacity 11242K, committed 11340K, reserved 1048576K
}
Event: 80.798 GC heap before
{Heap before GC invocations=22 (full 0):
 garbage-first heap   total 131072K, used 105928K [0x0000000080000000, 0x0000000100000000)
  region size 1024K, 42 young (43008K), 6 survivors (6144K)
 Metaspace       used 87332K, capacity 89500K, committed 89712K, reserved 1126400K
  class space    used 11289K, capacity 12096K, committed 12108K, reserved 1048576K
}
Event: 80.866 GC heap after
{Heap after GC invocations=23 (full 0):
 garbage-first heap   total 131072K, used 74894K [0x0000000080000000, 0x0000000100000000)
  region size 1024K, 4 young (4096K), 4 survivors (4096K)
 Metaspace       used 87332K, capacity 89500K, committed 89712K, reserved 1126400K
  class space    used 11289K, capacity 12096K, committed 12108K, reserved 1048576K
}
Event: 85.071 GC heap before
{Heap before GC invocations=24 (full 0):
 garbage-first heap   total 131072K, used 110734K [0x0000000080000000, 0x0000000100000000)
  region size 1024K, 37 young (37888K), 4 survivors (4096K)
 Metaspace       used 88112K, capacity 90287K, committed 90608K, reserved 1128448K
  class space    used 11341K, capacity 12142K, committed 12236K, reserved 1048576K
}
Event: 85.113 GC heap after
{Heap after GC invocations=25 (full 0):
 garbage-first heap   total 131072K, used 84992K [0x0000000080000000, 0x0000000100000000)
  region size 1024K, 5 young (5120K), 5 survivors (5120K)
 Metaspace       used 88112K, capacity 90287K, committed 90608K, reserved 1128448K
  class space    used 11341K, capacity 12142K, committed 12236K, reserved 1048576K
}
Event: 89.117 GC heap before
{Heap before GC invocations=25 (full 0):
 garbage-first heap   total 131072K, used 107520K [0x0000000080000000, 0x0000000100000000)
  region size 1024K, 28 young (28672K), 5 survivors (5120K)
 Metaspace       used 89771K, capacity 91999K, committed 92272K, reserved 1130496K
  class space    used 11519K, capacity 12338K, committed 12364K, reserved 1048576K
}
Event: 89.131 GC heap after
{Heap after GC invocations=26 (full 0):
 garbage-first heap   total 131072K, used 85036K [0x0000000080000000, 0x0000000100000000)
  region size 1024K, 3 young (3072K), 3 survivors (3072K)
 Metaspace       used 89771K, capacity 91999K, committed 92272K, reserved 1130496K
  class space    used 11519K, capacity 12338K, committed 12364K, reserved 1048576K
}

