# JRE version: OpenJDK Runtime Environment (11.0.10) (build 11.0.10+0-b96-7249189)
# Java VM: OpenJDK 64-Bit Server VM (11.0.10+0-b96-7249189, mixed mode, tiered, compressed oops, g1 gc, windows-amd64)
Heap:
 garbage-first heap   total 131072K, used 52928K [0x0000000080000000, 0x0000000100000000)
  region size 1024K, 38 young (38912K), 2 survivors (2048K)
 Metaspace       used 24157K, capacity 24760K, committed 24832K, reserved 1073152K
  class space    used 3104K, capacity 3319K, committed 3328K, reserved 1048576K
GC Heap History (10 events):
Event: 2.307 GC heap before
{Heap before GC invocations=0 (full 0):
 garbage-first heap   total 131072K, used 19456K [0x0000000080000000, 0x0000000100000000)
  region size 1024K, 14 young (14336K), 0 survivors (0K)
 Metaspace       used 6749K, capacity 6925K, committed 7168K, reserved 1056768K
  class space    used 582K, capacity 650K, committed 768K, reserved 1048576K
}
Event: 2.320 GC heap after
{Heap after GC invocations=1 (full 0):
 garbage-first heap   total 131072K, used 7932K [0x0000000080000000, 0x0000000100000000)
  region size 1024K, 2 young (2048K), 2 survivors (2048K)
 Metaspace       used 6749K, capacity 6925K, committed 7168K, reserved 1056768K
  class space    used 582K, capacity 650K, committed 768K, reserved 1048576K
}
Event: 3.094 GC heap before
{Heap before GC invocations=1 (full 0):
 garbage-first heap   total 131072K, used 15100K [0x0000000080000000, 0x0000000100000000)
  region size 1024K, 9 young (9216K), 2 survivors (2048K)
 Metaspace       used 9486K, capacity 9729K, committed 9856K, reserved 1058816K
  class space    used 962K, capacity 1036K, committed 1152K, reserved 1048576K
}
Event: 3.098 GC heap after
{Heap after GC invocations=2 (full 0):
 garbage-first heap   total 131072K, used 8938K [0x0000000080000000, 0x0000000100000000)
  region size 1024K, 1 young (1024K), 1 survivors (1024K)
 Metaspace       used 9486K, capacity 9729K, committed 9856K, reserved 1058816K
  class space    used 962K, capacity 1036K, committed 1152K, reserved 1048576K
}
Event: 4.902 GC heap before
{Heap before GC invocations=2 (full 0):
 garbage-first heap   total 131072K, used 31466K [0x0000000080000000, 0x0000000100000000)
  region size 1024K, 23 young (23552K), 1 survivors (1024K)
 Metaspace       used 10732K, capacity 11007K, committed 11264K, reserved 1058816K
  class space    used 1122K, capacity 1206K, committed 1280K, reserved 1048576K
}
Event: 4.907 GC heap after
{Heap after GC invocations=3 (full 0):
 garbage-first heap   total 131072K, used 9541K [0x0000000080000000, 0x0000000100000000)
  region size 1024K, 2 young (2048K), 2 survivors (2048K)
 Metaspace       used 10732K, capacity 11007K, committed 11264K, reserved 1058816K
  class space    used 1122K, capacity 1206K, committed 1280K, reserved 1048576K
}
Event: 6.839 GC heap before
{Heap before GC invocations=3 (full 0):
 garbage-first heap   total 131072K, used 45381K [0x0000000080000000, 0x0000000100000000)
  region size 1024K, 36 young (36864K), 2 survivors (2048K)
 Metaspace       used 13548K, capacity 13873K, committed 13952K, reserved 1060864K
  class space    used 1504K, capacity 1588K, committed 1664K, reserved 1048576K
}
Event: 6.865 GC heap after
{Heap after GC invocations=4 (full 0):
 garbage-first heap   total 131072K, used 14905K [0x0000000080000000, 0x0000000100000000)
  region size 1024K, 5 young (5120K), 5 survivors (5120K)
 Metaspace       used 13548K, capacity 13873K, committed 13952K, reserved 1060864K
  class space    used 1504K, capacity 1588K, committed 1664K, reserved 1048576K
}
Event: 10.419 GC heap before
{Heap before GC invocations=4 (full 0):
 garbage-first heap   total 131072K, used 55865K [0x0000000080000000, 0x0000000100000000)
  region size 1024K, 47 young (48128K), 5 survivors (5120K)
 Metaspace       used 20645K, capacity 21122K, committed 21248K, reserved 1067008K
  class space    used 2519K, capacity 2720K, committed 2816K, reserved 1048576K
}
Event: 10.430 GC heap after
{Heap after GC invocations=5 (full 0):
 garbage-first heap   total 131072K, used 17088K [0x0000000080000000, 0x0000000100000000)
  region size 1024K, 2 young (2048K), 2 survivors (2048K)
 Metaspace       used 20645K, capacity 21122K, committed 21248K, reserved 1067008K
  class space    used 2519K, capacity 2720K, committed 2816K, reserved 1048576K
}

