# JRE version: OpenJDK Runtime Environment (11.0.10) (build 11.0.10+0-b96-7249189)
# Java VM: OpenJDK 64-Bit Server VM (11.0.10+0-b96-7249189, mixed mode, tiered, compressed oops, g1 gc, windows-amd64)
Heap:
 garbage-first heap   total 189440K, used 95232K [0x0000000080000000, 0x0000000100000000)
  region size 1024K, 15 young (15360K), 4 survivors (4096K)
 Metaspace       used 89735K, capacity 91933K, committed 92364K, reserved 1128448K
  class space    used 11520K, capacity 12336K, committed 12492K, reserved 1048576K
GC Heap History (20 events):
Event: 15.669 GC heap before
{Heap before GC invocations=10 (full 0):
 garbage-first heap   total 157696K, used 116132K [0x0000000080000000, 0x0000000100000000)
  region size 1024K, 89 young (91136K), 8 survivors (8192K)
 Metaspace       used 53097K, capacity 54397K, committed 54732K, reserved 1097728K
  class space    used 6784K, capacity 7272K, committed 7372K, reserved 1048576K
}
Event: 15.694 GC heap after
{Heap after GC invocations=11 (full 0):
 garbage-first heap   total 157696K, used 43741K [0x0000000080000000, 0x0000000100000000)
  region size 1024K, 12 young (12288K), 12 survivors (12288K)
 Metaspace       used 53097K, capacity 54397K, committed 54732K, reserved 1097728K
  class space    used 6784K, capacity 7272K, committed 7372K, reserved 1048576K
}
Event: 16.831 GC heap before
{Heap before GC invocations=11 (full 0):
 garbage-first heap   total 157696K, used 76509K [0x0000000080000000, 0x0000000100000000)
  region size 1024K, 45 young (46080K), 12 survivors (12288K)
 Metaspace       used 58690K, capacity 60154K, committed 60236K, reserved 1101824K
  class space    used 7443K, capacity 7971K, committed 8012K, reserved 1048576K
}
Event: 16.860 GC heap after
{Heap after GC invocations=12 (full 0):
 garbage-first heap   total 157696K, used 47743K [0x0000000080000000, 0x0000000100000000)
  region size 1024K, 3 young (3072K), 3 survivors (3072K)
 Metaspace       used 58690K, capacity 60154K, committed 60236K, reserved 1101824K
  class space    used 7443K, capacity 7971K, committed 8012K, reserved 1048576K
}
Event: 18.577 GC heap before
{Heap before GC invocations=13 (full 0):
 garbage-first heap   total 157696K, used 105087K [0x0000000080000000, 0x0000000100000000)
  region size 1024K, 59 young (60416K), 3 survivors (3072K)
 Metaspace       used 63281K, capacity 64792K, committed 64972K, reserved 1105920K
  class space    used 8051K, capacity 8606K, committed 8652K, reserved 1048576K
}
Event: 18.594 GC heap after
{Heap after GC invocations=14 (full 0):
 garbage-first heap   total 157696K, used 51363K [0x0000000080000000, 0x0000000100000000)
  region size 1024K, 7 young (7168K), 7 survivors (7168K)
 Metaspace       used 63281K, capacity 64792K, committed 64972K, reserved 1105920K
  class space    used 8051K, capacity 8606K, committed 8652K, reserved 1048576K
}
Event: 19.925 GC heap before
{Heap before GC invocations=15 (full 0):
 garbage-first heap   total 157696K, used 108707K [0x0000000080000000, 0x0000000100000000)
  region size 1024K, 63 young (64512K), 7 survivors (7168K)
 Metaspace       used 68414K, capacity 70126K, committed 70220K, reserved 1110016K
  class space    used 8857K, capacity 9460K, committed 9548K, reserved 1048576K
}
Event: 19.944 GC heap after
{Heap after GC invocations=16 (full 0):
 garbage-first heap   total 157696K, used 55357K [0x0000000080000000, 0x0000000100000000)
  region size 1024K, 5 young (5120K), 5 survivors (5120K)
 Metaspace       used 68414K, capacity 70126K, committed 70220K, reserved 1110016K
  class space    used 8857K, capacity 9460K, committed 9548K, reserved 1048576K
}
Event: 21.771 GC heap before
{Heap before GC invocations=16 (full 0):
 garbage-first heap   total 157696K, used 113725K [0x0000000080000000, 0x0000000100000000)
  region size 1024K, 62 young (63488K), 5 survivors (5120K)
 Metaspace       used 75056K, capacity 76857K, committed 77004K, reserved 1116160K
  class space    used 9787K, capacity 10403K, committed 10444K, reserved 1048576K
}
Event: 21.786 GC heap after
{Heap after GC invocations=17 (full 0):
 garbage-first heap   total 157696K, used 59297K [0x0000000080000000, 0x0000000100000000)
  region size 1024K, 4 young (4096K), 4 survivors (4096K)
 Metaspace       used 75056K, capacity 76857K, committed 77004K, reserved 1116160K
  class space    used 9787K, capacity 10403K, committed 10444K, reserved 1048576K
}
Event: 24.473 GC heap before
{Heap before GC invocations=17 (full 0):
 garbage-first heap   total 157696K, used 116641K [0x0000000080000000, 0x0000000100000000)
  region size 1024K, 61 young (62464K), 4 survivors (4096K)
 Metaspace       used 78452K, capacity 80531K, committed 80716K, reserved 1118208K
  class space    used 10284K, capacity 11046K, committed 11084K, reserved 1048576K
}
Event: 24.493 GC heap after
{Heap after GC invocations=18 (full 0):
 garbage-first heap   total 157696K, used 63699K [0x0000000080000000, 0x0000000100000000)
  region size 1024K, 8 young (8192K), 8 survivors (8192K)
 Metaspace       used 78452K, capacity 80531K, committed 80716K, reserved 1118208K
  class space    used 10284K, capacity 11046K, committed 11084K, reserved 1048576K
}
Event: 27.127 GC heap before
{Heap before GC invocations=18 (full 0):
 garbage-first heap   total 157696K, used 120019K [0x0000000080000000, 0x0000000100000000)
  region size 1024K, 64 young (65536K), 8 survivors (8192K)
 Metaspace       used 79133K, capacity 81216K, committed 81356K, reserved 1120256K
  class space    used 10328K, capacity 11106K, committed 11212K, reserved 1048576K
}
Event: 27.149 GC heap after
{Heap after GC invocations=19 (full 0):
 garbage-first heap   total 157696K, used 67258K [0x0000000080000000, 0x0000000100000000)
  region size 1024K, 4 young (4096K), 4 survivors (4096K)
 Metaspace       used 79133K, capacity 81216K, committed 81356K, reserved 1120256K
  class space    used 10328K, capacity 11106K, committed 11212K, reserved 1048576K
}
Event: 29.476 GC heap before
{Heap before GC invocations=19 (full 0):
 garbage-first heap   total 157696K, used 122554K [0x0000000080000000, 0x0000000100000000)
  region size 1024K, 59 young (60416K), 4 survivors (4096K)
 Metaspace       used 82557K, capacity 84717K, committed 84812K, reserved 1122304K
  class space    used 10721K, capacity 11509K, committed 11596K, reserved 1048576K
}
Event: 29.495 GC heap after
{Heap after GC invocations=20 (full 0):
 garbage-first heap   total 157696K, used 72992K [0x0000000080000000, 0x0000000100000000)
  region size 1024K, 8 young (8192K), 8 survivors (8192K)
 Metaspace       used 82557K, capacity 84717K, committed 84812K, reserved 1122304K
  class space    used 10721K, capacity 11509K, committed 11596K, reserved 1048576K
}
Event: 31.700 GC heap before
{Heap before GC invocations=20 (full 0):
 garbage-first heap   total 157696K, used 126240K [0x0000000080000000, 0x0000000100000000)
  region size 1024K, 59 young (60416K), 8 survivors (8192K)
 Metaspace       used 87855K, capacity 90049K, committed 90316K, reserved 1128448K
  class space    used 11351K, capacity 12175K, committed 12236K, reserved 1048576K
}
Event: 31.732 GC heap after
{Heap after GC invocations=21 (full 0):
 garbage-first heap   total 157696K, used 84868K [0x0000000080000000, 0x0000000100000000)
  region size 1024K, 8 young (8192K), 8 survivors (8192K)
 Metaspace       used 87855K, capacity 90049K, committed 90316K, reserved 1128448K
  class space    used 11351K, capacity 12175K, committed 12236K, reserved 1048576K
}
Event: 34.049 GC heap before
{Heap before GC invocations=21 (full 0):
 garbage-first heap   total 157696K, used 123780K [0x0000000080000000, 0x0000000100000000)
  region size 1024K, 47 young (48128K), 8 survivors (8192K)
 Metaspace       used 89794K, capacity 92034K, committed 92364K, reserved 1128448K
  class space    used 11541K, capacity 12372K, committed 12492K, reserved 1048576K
}
Event: 34.071 GC heap after
{Heap after GC invocations=22 (full 0):
 garbage-first heap   total 189440K, used 86016K [0x0000000080000000, 0x0000000100000000)
  region size 1024K, 4 young (4096K), 4 survivors (4096K)
 Metaspace       used 89794K, capacity 92034K, committed 92364K, reserved 1128448K
  class space    used 11541K, capacity 12372K, committed 12492K, reserved 1048576K
}

